This is pdfTeX, Version 3.1415926-2.5-1.40.14 (MiKTeX 2.9 64-bit) (preloaded format=pdflatex 2015.1.15)  8 DEC 2015 17:08
entering extended mode
**analisis.tex
(C:\Users\Arturo\Desktop\adoo\CU\analisis.tex
LaTeX2e <2011/06/27>
Babel <v3.8m> and hyphenation patterns for english, afrikaans, ancientgreek, ar
abic, armenian, assamese, basque, bengali, bokmal, bulgarian, catalan, coptic, 
croatian, czech, danish, dutch, esperanto, estonian, farsi, finnish, french, ga
lician, german, german-x-2013-05-26, greek, gujarati, hindi, hungarian, iceland
ic, indonesian, interlingua, irish, italian, kannada, kurmanji, latin, latvian,
 lithuanian, malayalam, marathi, mongolian, mongolianlmc, monogreek, ngerman, n
german-x-2013-05-26, nynorsk, oriya, panjabi, pinyin, polish, portuguese, roman
ian, russian, sanskrit, serbian, slovak, slovenian, spanish, swedish, swissgerm
an, tamil, telugu, turkish, turkmen, ukenglish, ukrainian, uppersorbian, usengl
ishmax, welsh, loaded.
("C:\Program Files\MiKTeX 2.9\tex\latex\base\book.cls"
Document Class: book 2007/10/19 v1.4h Standard LaTeX document class
("C:\Program Files\MiKTeX 2.9\tex\latex\base\bk10.clo"
File: bk10.clo 2007/10/19 v1.4h Standard LaTeX file (size option)
)
\c@part=\count79
\c@chapter=\count80
\c@section=\count81
\c@subsection=\count82
\c@subsubsection=\count83
\c@paragraph=\count84
\c@subparagraph=\count85
\c@figure=\count86
\c@table=\count87
\abovecaptionskip=\skip41
\belowcaptionskip=\skip42
\bibindent=\dimen102
)
(C:\Users\Arturo\Desktop\adoo\CU\cdtBook.sty
Package: cdtBook 2010/05/30, v1.0 CDT-ESCOM-IPN Plantilla para reportes de la C
oordinación

("C:\Program Files\MiKTeX 2.9\tex\latex\base\inputenc.sty"
Package: inputenc 2008/03/30 v1.1d Input encoding file
\inpenc@prehook=\toks14
\inpenc@posthook=\toks15

("C:\Program Files\MiKTeX 2.9\tex\latex\base\utf8.def"
File: utf8.def 2008/04/05 v1.1m UTF-8 support for inputenc
Now handling font encoding OML ...
... no UTF-8 mapping file for font encoding OML
Now handling font encoding T1 ...
... processing UTF-8 mapping file for font encoding T1

("C:\Program Files\MiKTeX 2.9\tex\latex\base\t1enc.dfu"
File: t1enc.dfu 2008/04/05 v1.1m UTF-8 support for inputenc
   defining Unicode char U+00A1 (decimal 161)
   defining Unicode char U+00A3 (decimal 163)
   defining Unicode char U+00AB (decimal 171)
   defining Unicode char U+00BB (decimal 187)
   defining Unicode char U+00BF (decimal 191)
   defining Unicode char U+00C0 (decimal 192)
   defining Unicode char U+00C1 (decimal 193)
   defining Unicode char U+00C2 (decimal 194)
   defining Unicode char U+00C3 (decimal 195)
   defining Unicode char U+00C4 (decimal 196)
   defining Unicode char U+00C5 (decimal 197)
   defining Unicode char U+00C6 (decimal 198)
   defining Unicode char U+00C7 (decimal 199)
   defining Unicode char U+00C8 (decimal 200)
   defining Unicode char U+00C9 (decimal 201)
   defining Unicode char U+00CA (decimal 202)
   defining Unicode char U+00CB (decimal 203)
   defining Unicode char U+00CC (decimal 204)
   defining Unicode char U+00CD (decimal 205)
   defining Unicode char U+00CE (decimal 206)
   defining Unicode char U+00CF (decimal 207)
   defining Unicode char U+00D0 (decimal 208)
   defining Unicode char U+00D1 (decimal 209)
   defining Unicode char U+00D2 (decimal 210)
   defining Unicode char U+00D3 (decimal 211)
   defining Unicode char U+00D4 (decimal 212)
   defining Unicode char U+00D5 (decimal 213)
   defining Unicode char U+00D6 (decimal 214)
   defining Unicode char U+00D8 (decimal 216)
   defining Unicode char U+00D9 (decimal 217)
   defining Unicode char U+00DA (decimal 218)
   defining Unicode char U+00DB (decimal 219)
   defining Unicode char U+00DC (decimal 220)
   defining Unicode char U+00DD (decimal 221)
   defining Unicode char U+00DE (decimal 222)
   defining Unicode char U+00DF (decimal 223)
   defining Unicode char U+00E0 (decimal 224)
   defining Unicode char U+00E1 (decimal 225)
   defining Unicode char U+00E2 (decimal 226)
   defining Unicode char U+00E3 (decimal 227)
   defining Unicode char U+00E4 (decimal 228)
   defining Unicode char U+00E5 (decimal 229)
   defining Unicode char U+00E6 (decimal 230)
   defining Unicode char U+00E7 (decimal 231)
   defining Unicode char U+00E8 (decimal 232)
   defining Unicode char U+00E9 (decimal 233)
   defining Unicode char U+00EA (decimal 234)
   defining Unicode char U+00EB (decimal 235)
   defining Unicode char U+00EC (decimal 236)
   defining Unicode char U+00ED (decimal 237)
   defining Unicode char U+00EE (decimal 238)
   defining Unicode char U+00EF (decimal 239)
   defining Unicode char U+00F0 (decimal 240)
   defining Unicode char U+00F1 (decimal 241)
   defining Unicode char U+00F2 (decimal 242)
   defining Unicode char U+00F3 (decimal 243)
   defining Unicode char U+00F4 (decimal 244)
   defining Unicode char U+00F5 (decimal 245)
   defining Unicode char U+00F6 (decimal 246)
   defining Unicode char U+00F8 (decimal 248)
   defining Unicode char U+00F9 (decimal 249)
   defining Unicode char U+00FA (decimal 250)
   defining Unicode char U+00FB (decimal 251)
   defining Unicode char U+00FC (decimal 252)
   defining Unicode char U+00FD (decimal 253)
   defining Unicode char U+00FE (decimal 254)
   defining Unicode char U+00FF (decimal 255)
   defining Unicode char U+0102 (decimal 258)
   defining Unicode char U+0103 (decimal 259)
   defining Unicode char U+0104 (decimal 260)
   defining Unicode char U+0105 (decimal 261)
   defining Unicode char U+0106 (decimal 262)
   defining Unicode char U+0107 (decimal 263)
   defining Unicode char U+010C (decimal 268)
   defining Unicode char U+010D (decimal 269)
   defining Unicode char U+010E (decimal 270)
   defining Unicode char U+010F (decimal 271)
   defining Unicode char U+0110 (decimal 272)
   defining Unicode char U+0111 (decimal 273)
   defining Unicode char U+0118 (decimal 280)
   defining Unicode char U+0119 (decimal 281)
   defining Unicode char U+011A (decimal 282)
   defining Unicode char U+011B (decimal 283)
   defining Unicode char U+011E (decimal 286)
   defining Unicode char U+011F (decimal 287)
   defining Unicode char U+0130 (decimal 304)
   defining Unicode char U+0131 (decimal 305)
   defining Unicode char U+0132 (decimal 306)
   defining Unicode char U+0133 (decimal 307)
   defining Unicode char U+0139 (decimal 313)
   defining Unicode char U+013A (decimal 314)
   defining Unicode char U+013D (decimal 317)
   defining Unicode char U+013E (decimal 318)
   defining Unicode char U+0141 (decimal 321)
   defining Unicode char U+0142 (decimal 322)
   defining Unicode char U+0143 (decimal 323)
   defining Unicode char U+0144 (decimal 324)
   defining Unicode char U+0147 (decimal 327)
   defining Unicode char U+0148 (decimal 328)
   defining Unicode char U+014A (decimal 330)
   defining Unicode char U+014B (decimal 331)
   defining Unicode char U+0150 (decimal 336)
   defining Unicode char U+0151 (decimal 337)
   defining Unicode char U+0152 (decimal 338)
   defining Unicode char U+0153 (decimal 339)
   defining Unicode char U+0154 (decimal 340)
   defining Unicode char U+0155 (decimal 341)
   defining Unicode char U+0158 (decimal 344)
   defining Unicode char U+0159 (decimal 345)
   defining Unicode char U+015A (decimal 346)
   defining Unicode char U+015B (decimal 347)
   defining Unicode char U+015E (decimal 350)
   defining Unicode char U+015F (decimal 351)
   defining Unicode char U+0160 (decimal 352)
   defining Unicode char U+0161 (decimal 353)
   defining Unicode char U+0162 (decimal 354)
   defining Unicode char U+0163 (decimal 355)
   defining Unicode char U+0164 (decimal 356)
   defining Unicode char U+0165 (decimal 357)
   defining Unicode char U+016E (decimal 366)
   defining Unicode char U+016F (decimal 367)
   defining Unicode char U+0170 (decimal 368)
   defining Unicode char U+0171 (decimal 369)
   defining Unicode char U+0178 (decimal 376)
   defining Unicode char U+0179 (decimal 377)
   defining Unicode char U+017A (decimal 378)
   defining Unicode char U+017B (decimal 379)
   defining Unicode char U+017C (decimal 380)
   defining Unicode char U+017D (decimal 381)
   defining Unicode char U+017E (decimal 382)
   defining Unicode char U+200C (decimal 8204)
   defining Unicode char U+2013 (decimal 8211)
   defining Unicode char U+2014 (decimal 8212)
   defining Unicode char U+2018 (decimal 8216)
   defining Unicode char U+2019 (decimal 8217)
   defining Unicode char U+201A (decimal 8218)
   defining Unicode char U+201C (decimal 8220)
   defining Unicode char U+201D (decimal 8221)
   defining Unicode char U+201E (decimal 8222)
   defining Unicode char U+2030 (decimal 8240)
   defining Unicode char U+2031 (decimal 8241)
   defining Unicode char U+2039 (decimal 8249)
   defining Unicode char U+203A (decimal 8250)
   defining Unicode char U+2423 (decimal 9251)
)
Now handling font encoding OT1 ...
... processing UTF-8 mapping file for font encoding OT1

("C:\Program Files\MiKTeX 2.9\tex\latex\base\ot1enc.dfu"
File: ot1enc.dfu 2008/04/05 v1.1m UTF-8 support for inputenc
   defining Unicode char U+00A1 (decimal 161)
   defining Unicode char U+00A3 (decimal 163)
   defining Unicode char U+00B8 (decimal 184)
   defining Unicode char U+00BF (decimal 191)
   defining Unicode char U+00C5 (decimal 197)
   defining Unicode char U+00C6 (decimal 198)
   defining Unicode char U+00D8 (decimal 216)
   defining Unicode char U+00DF (decimal 223)
   defining Unicode char U+00E6 (decimal 230)
   defining Unicode char U+00EC (decimal 236)
   defining Unicode char U+00ED (decimal 237)
   defining Unicode char U+00EE (decimal 238)
   defining Unicode char U+00EF (decimal 239)
   defining Unicode char U+00F8 (decimal 248)
   defining Unicode char U+0131 (decimal 305)
   defining Unicode char U+0141 (decimal 321)
   defining Unicode char U+0142 (decimal 322)
   defining Unicode char U+0152 (decimal 338)
   defining Unicode char U+0153 (decimal 339)
   defining Unicode char U+2013 (decimal 8211)
   defining Unicode char U+2014 (decimal 8212)
   defining Unicode char U+2018 (decimal 8216)
   defining Unicode char U+2019 (decimal 8217)
   defining Unicode char U+201C (decimal 8220)
   defining Unicode char U+201D (decimal 8221)
)
Now handling font encoding OMS ...
... processing UTF-8 mapping file for font encoding OMS

("C:\Program Files\MiKTeX 2.9\tex\latex\base\omsenc.dfu"
File: omsenc.dfu 2008/04/05 v1.1m UTF-8 support for inputenc
   defining Unicode char U+00A7 (decimal 167)
   defining Unicode char U+00B6 (decimal 182)
   defining Unicode char U+00B7 (decimal 183)
   defining Unicode char U+2020 (decimal 8224)
   defining Unicode char U+2021 (decimal 8225)
   defining Unicode char U+2022 (decimal 8226)
)
Now handling font encoding OMX ...
... no UTF-8 mapping file for font encoding OMX
Now handling font encoding U ...
... no UTF-8 mapping file for font encoding U
   defining Unicode char U+00A9 (decimal 169)
   defining Unicode char U+00AA (decimal 170)
   defining Unicode char U+00AE (decimal 174)
   defining Unicode char U+00BA (decimal 186)
   defining Unicode char U+02C6 (decimal 710)
   defining Unicode char U+02DC (decimal 732)
   defining Unicode char U+200C (decimal 8204)
   defining Unicode char U+2026 (decimal 8230)
   defining Unicode char U+2122 (decimal 8482)
   defining Unicode char U+2423 (decimal 9251)
))
("C:\Program Files\MiKTeX 2.9\tex\generic\babel\babel.sty"
Package: babel 2008/07/08 v3.8m The Babel package

*************************************
* Local config file bblopts.cfg used
*
("C:\Program Files\MiKTeX 2.9\tex\latex\00miktex\bblopts.cfg"
File: bblopts.cfg 2006/07/31 v1.0 MiKTeX 'babel' configuration
)
("C:\Program Files\MiKTeX 2.9\tex\generic\babel\spanish.ldf"
Language: spanish.ldf 2009/01/02 v5.0h Spanish support from the babel system

("C:\Program Files\MiKTeX 2.9\tex\generic\babel\babel.def"
File: babel.def 2008/07/08 v3.8m Babel common definitions
\babel@savecnt=\count88
\U@D=\dimen103
)
\es@datefmt=\count89
\es@quottoks=\toks16
\es@quotdepth=\count90
Package babel Info: Making " an active character on input line 492.
Package babel Info: Making . an active character on input line 585.
Package babel Info: Making < an active character on input line 630.
Package babel Info: Making > an active character on input line 630.
))
("C:\Program Files\MiKTeX 2.9\tex\latex\cmbright\cmbright.sty"
Package: cmbright 2005/04/13 v8.1 (WaS)
LaTeX Font Info:    Redeclaring symbol font `operators' on input line 29.
LaTeX Font Info:    Overwriting symbol font `operators' in version `normal'
(Font)                  OT1/cmr/m/n --> OT1/cmbr/m/n on input line 29.
LaTeX Font Info:    Overwriting symbol font `operators' in version `bold'
(Font)                  OT1/cmr/bx/n --> OT1/cmbr/m/n on input line 29.
LaTeX Font Info:    Redeclaring symbol font `letters' on input line 30.
LaTeX Font Info:    Overwriting symbol font `letters' in version `normal'
(Font)                  OML/cmm/m/it --> OML/cmbrm/m/it on input line 30.
LaTeX Font Info:    Overwriting symbol font `letters' in version `bold'
(Font)                  OML/cmm/b/it --> OML/cmbrm/m/it on input line 30.
LaTeX Font Info:    Overwriting symbol font `letters' in version `bold'
(Font)                  OML/cmbrm/m/it --> OML/cmbrm/b/it on input line 31.
LaTeX Font Info:    Redeclaring symbol font `symbols' on input line 32.
LaTeX Font Info:    Overwriting symbol font `symbols' in version `normal'
(Font)                  OMS/cmsy/m/n --> OMS/cmbrs/m/n on input line 32.
LaTeX Font Info:    Overwriting symbol font `symbols' in version `bold'
(Font)                  OMS/cmsy/b/n --> OMS/cmbrs/m/n on input line 32.
LaTeX Font Info:    Redeclaring math alphabet \mathit on input line 33.
LaTeX Font Info:    Overwriting math alphabet `\mathit' in version `normal'
(Font)                  OT1/cmr/m/it --> OT1/cmbr/m/sl on input line 33.
LaTeX Font Info:    Overwriting math alphabet `\mathit' in version `bold'
(Font)                  OT1/cmr/bx/it --> OT1/cmbr/m/sl on input line 33.
LaTeX Font Info:    Redeclaring math alphabet \mathbf on input line 34.
LaTeX Font Info:    Overwriting math alphabet `\mathbf' in version `normal'
(Font)                  OT1/cmr/bx/n --> OT1/cmbr/bx/n on input line 34.
LaTeX Font Info:    Overwriting math alphabet `\mathbf' in version `bold'
(Font)                  OT1/cmr/bx/n --> OT1/cmbr/bx/n on input line 34.
LaTeX Font Info:    Redeclaring math alphabet \mathtt on input line 35.
LaTeX Font Info:    Overwriting math alphabet `\mathtt' in version `normal'
(Font)                  OT1/cmtt/m/n --> OT1/cmtl/m/n on input line 35.
LaTeX Font Info:    Overwriting math alphabet `\mathtt' in version `bold'
(Font)                  OT1/cmtt/m/n --> OT1/cmtl/m/n on input line 35.
LaTeX Font Info:    Redeclaring math symbol \alpha on input line 37.
LaTeX Font Info:    Redeclaring math symbol \beta on input line 38.
LaTeX Font Info:    Redeclaring math symbol \gamma on input line 39.
LaTeX Font Info:    Redeclaring math symbol \delta on input line 40.
LaTeX Font Info:    Redeclaring math symbol \epsilon on input line 41.
LaTeX Font Info:    Redeclaring math symbol \zeta on input line 42.
LaTeX Font Info:    Redeclaring math symbol \eta on input line 43.
LaTeX Font Info:    Redeclaring math symbol \theta on input line 44.
LaTeX Font Info:    Redeclaring math symbol \iota on input line 45.
LaTeX Font Info:    Redeclaring math symbol \kappa on input line 46.
LaTeX Font Info:    Redeclaring math symbol \lambda on input line 47.
LaTeX Font Info:    Redeclaring math symbol \mu on input line 48.
LaTeX Font Info:    Redeclaring math symbol \nu on input line 49.
LaTeX Font Info:    Redeclaring math symbol \xi on input line 50.
LaTeX Font Info:    Redeclaring math symbol \pi on input line 51.
LaTeX Font Info:    Redeclaring math symbol \rho on input line 52.
LaTeX Font Info:    Redeclaring math symbol \sigma on input line 53.
LaTeX Font Info:    Redeclaring math symbol \tau on input line 54.
LaTeX Font Info:    Redeclaring math symbol \upsilon on input line 55.
LaTeX Font Info:    Redeclaring math symbol \phi on input line 56.
LaTeX Font Info:    Redeclaring math symbol \chi on input line 57.
LaTeX Font Info:    Redeclaring math symbol \psi on input line 58.
LaTeX Font Info:    Redeclaring math symbol \omega on input line 59.
LaTeX Font Info:    Redeclaring math symbol \varepsilon on input line 60.
LaTeX Font Info:    Redeclaring math symbol \vartheta on input line 61.
LaTeX Font Info:    Redeclaring math symbol \varpi on input line 62.
LaTeX Font Info:    Redeclaring math symbol \varrho on input line 63.
LaTeX Font Info:    Redeclaring math symbol \varsigma on input line 64.
LaTeX Font Info:    Redeclaring math symbol \varphi on input line 65.
LaTeX Info: Redefining \LaTeX on input line 129.
LaTeX Info: Redefining \LaTeXe on input line 139.
LaTeX Font Info:    Try loading font information for OT1+cmbr on input line 144
.

("C:\Program Files\MiKTeX 2.9\tex\latex\cmbright\ot1cmbr.fd"
File: ot1cmbr.fd 2005/04/13 v8.1 (WaS)
))
("C:\Program Files\MiKTeX 2.9\tex\latex\graphics\graphicx.sty"
Package: graphicx 1999/02/16 v1.0f Enhanced LaTeX Graphics (DPC,SPQR)

("C:\Program Files\MiKTeX 2.9\tex\latex\graphics\keyval.sty"
Package: keyval 1999/03/16 v1.13 key=value parser (DPC)
\KV@toks@=\toks17
)
("C:\Program Files\MiKTeX 2.9\tex\latex\graphics\graphics.sty"
Package: graphics 2009/02/05 v1.0o Standard LaTeX Graphics (DPC,SPQR)

("C:\Program Files\MiKTeX 2.9\tex\latex\graphics\trig.sty"
Package: trig 1999/03/16 v1.09 sin cos tan (DPC)
)
("C:\Program Files\MiKTeX 2.9\tex\latex\00miktex\graphics.cfg"
File: graphics.cfg 2007/01/18 v1.5 graphics configuration of teTeX/TeXLive
)
Package graphics Info: Driver file: pdftex.def on input line 91.

("C:\Program Files\MiKTeX 2.9\tex\latex\pdftex-def\pdftex.def"
File: pdftex.def 2011/05/27 v0.06d Graphics/color for pdfTeX

("C:\Program Files\MiKTeX 2.9\tex\generic\oberdiek\infwarerr.sty"
Package: infwarerr 2010/04/08 v1.3 Providing info/warning/error messages (HO)
)
("C:\Program Files\MiKTeX 2.9\tex\generic\oberdiek\ltxcmds.sty"
Package: ltxcmds 2011/11/09 v1.22 LaTeX kernel commands for general use (HO)
)
\Gread@gobject=\count91
))
\Gin@req@height=\dimen104
\Gin@req@width=\dimen105
)
("C:\Program Files\MiKTeX 2.9\tex\latex\graphics\color.sty"
Package: color 2005/11/14 v1.0j Standard LaTeX Color (DPC)

("C:\Program Files\MiKTeX 2.9\tex\latex\00miktex\color.cfg"
File: color.cfg 2007/01/18 v1.5 color configuration of teTeX/TeXLive
)
Package color Info: Driver file: pdftex.def on input line 130.

("C:\Program Files\MiKTeX 2.9\tex\latex\graphics\dvipsnam.def"
File: dvipsnam.def 1999/02/16 v3.0i Driver-dependant file (DPC,SPQR)
))
("C:\Program Files\MiKTeX 2.9\tex\latex\wallpaper\wallpaper.sty"
Package: wallpaper 2005/01/18, v1.01 easy wallpaper formatting (MHFW)

("C:\Program Files\MiKTeX 2.9\tex\latex\base\ifthen.sty"
Package: ifthen 2001/05/26 v1.1c Standard LaTeX ifthen package (DPC)
)
("C:\Program Files\MiKTeX 2.9\tex\latex\tools\calc.sty"
Package: calc 2007/08/22 v4.3 Infix arithmetic (KKT,FJ)
\calc@Acount=\count92
\calc@Bcount=\count93
\calc@Adimen=\dimen106
\calc@Bdimen=\dimen107
\calc@Askip=\skip43
\calc@Bskip=\skip44
LaTeX Info: Redefining \setlength on input line 76.
LaTeX Info: Redefining \addtolength on input line 77.
\calc@Ccount=\count94
\calc@Cskip=\skip45
)
("C:\Program Files\MiKTeX 2.9\tex\latex\eso-pic\eso-pic.sty"
Package: eso-pic 2015/07/21 v2.0g eso-pic (RN)

("C:\Program Files\MiKTeX 2.9\tex\generic\oberdiek\atbegshi.sty"
Package: atbegshi 2011/10/05 v1.16 At begin shipout hook (HO)

("C:\Program Files\MiKTeX 2.9\tex\generic\oberdiek\ifpdf.sty"
Package: ifpdf 2011/01/30 v2.3 Provides the ifpdf switch (HO)
Package ifpdf Info: pdfTeX in PDF mode is detected.
)))
\wpXoffset=\skip46
\wpYoffset=\skip47
\tileXoffset=\skip48
\tileYoffset=\skip49
\tilewidth=\skip50
\tileheight=\skip51
\tileX=\skip52
\tileY=\skip53
)
("C:\Program Files\MiKTeX 2.9\tex\latex\fancyhdr\fancyhdr.sty"
\fancy@headwidth=\skip54
\f@ncyO@elh=\skip55
\f@ncyO@erh=\skip56
\f@ncyO@olh=\skip57
\f@ncyO@orh=\skip58
\f@ncyO@elf=\skip59
\f@ncyO@erf=\skip60
\f@ncyO@olf=\skip61
\f@ncyO@orf=\skip62
)
("C:\Program Files\MiKTeX 2.9\tex\latex\geometry\geometry.sty"
Package: geometry 2010/09/12 v5.6 Page Geometry

("C:\Program Files\MiKTeX 2.9\tex\generic\oberdiek\ifvtex.sty"
Package: ifvtex 2010/03/01 v1.5 Detect VTeX and its facilities (HO)
Package ifvtex Info: VTeX not detected.
)
("C:\Program Files\MiKTeX 2.9\tex\generic\ifxetex\ifxetex.sty"
Package: ifxetex 2010/09/12 v0.6 Provides ifxetex conditional
)
\Gm@cnth=\count95
\Gm@cntv=\count96
\c@Gm@tempcnt=\count97
\Gm@bindingoffset=\dimen108
\Gm@wd@mp=\dimen109
\Gm@odd@mp=\dimen110
\Gm@even@mp=\dimen111
\Gm@layoutwidth=\dimen112
\Gm@layoutheight=\dimen113
\Gm@layouthoffset=\dimen114
\Gm@layoutvoffset=\dimen115
\Gm@dimlist=\toks18

("C:\Program Files\MiKTeX 2.9\tex\latex\geometry\geometry.cfg"))
("C:\Program Files\MiKTeX 2.9\tex\latex\fncychap\fncychap.sty"
Package: fncychap 2007/07/30 v1.34 LaTeX package (Revised chapters)
\RW=\skip63
\mylen=\skip64
\myhi=\skip65
\px=\skip66
\py=\skip67
\pyy=\skip68
\pxx=\skip69
)
("C:\Program Files\MiKTeX 2.9\tex\latex\marvosym\marvosym.sty"
Package: marvosym 2011/07/20 v2.2 Martin Vogel's Symbols font definitions
))
(C:\Users\Arturo\Desktop\adoo\CU\usecases.sty
(C:\Users\Arturo\Desktop\adoo\CU\requerimientos.sty
("C:\Program Files\MiKTeX 2.9\tex\latex\tools\longtable.sty"
Package: longtable 2004/02/01 v4.11 Multi-page Table package (DPC)
\LTleft=\skip70
\LTright=\skip71
\LTpre=\skip72
\LTpost=\skip73
\LTchunksize=\count98
\LTcapwidth=\dimen116
\LT@head=\box26
\LT@firsthead=\box27
\LT@foot=\box28
\LT@lastfoot=\box29
\LT@cols=\count99
\LT@rows=\count100
\c@LT@tables=\count101
\c@LT@chunks=\count102
\LT@p@ftn=\toks19
)
("C:\Program Files\MiKTeX 2.9\tex\latex\hyperref\hyperref.sty"
Package: hyperref 2012/11/06 v6.83m Hypertext links for LaTeX

("C:\Program Files\MiKTeX 2.9\tex\generic\oberdiek\hobsub-hyperref.sty"
Package: hobsub-hyperref 2012/04/25 v1.12 Bundle oberdiek, subset hyperref (HO)


("C:\Program Files\MiKTeX 2.9\tex\generic\oberdiek\hobsub-generic.sty"
Package: hobsub-generic 2012/04/25 v1.12 Bundle oberdiek, subset generic (HO)
Package: hobsub 2012/04/25 v1.12 Construct package bundles (HO)
Package hobsub Info: Skipping package `infwarerr' (already loaded).
Package hobsub Info: Skipping package `ltxcmds' (already loaded).
Package: ifluatex 2010/03/01 v1.3 Provides the ifluatex switch (HO)
Package ifluatex Info: LuaTeX not detected.
Package hobsub Info: Skipping package `ifvtex' (already loaded).
Package: intcalc 2007/09/27 v1.1 Expandable calculations with integers (HO)
Package hobsub Info: Skipping package `ifpdf' (already loaded).
Package: etexcmds 2011/02/16 v1.5 Avoid name clashes with e-TeX commands (HO)
Package etexcmds Info: Could not find \expanded.
(etexcmds)             That can mean that you are not using pdfTeX 1.50 or
(etexcmds)             that some package has redefined \expanded.
(etexcmds)             In the latter case, load this package earlier.
Package: kvsetkeys 2012/04/25 v1.16 Key value parser (HO)
Package: kvdefinekeys 2011/04/07 v1.3 Define keys (HO)
Package: pdftexcmds 2011/11/29 v0.20 Utility functions of pdfTeX for LuaTeX (HO
)
Package pdftexcmds Info: LuaTeX not detected.
Package pdftexcmds Info: \pdf@primitive is available.
Package pdftexcmds Info: \pdf@ifprimitive is available.
Package pdftexcmds Info: \pdfdraftmode found.
Package: pdfescape 2011/11/25 v1.13 Implements pdfTeX's escape features (HO)
Package: bigintcalc 2012/04/08 v1.3 Expandable calculations on big integers (HO
)
Package: bitset 2011/01/30 v1.1 Handle bit-vector datatype (HO)
Package: uniquecounter 2011/01/30 v1.2 Provide unlimited unique counter (HO)
)
Package hobsub Info: Skipping package `hobsub' (already loaded).
Package: letltxmacro 2010/09/02 v1.4 Let assignment for LaTeX macros (HO)
Package: hopatch 2011/06/24 v1.1 Wrapper for package hooks (HO)
Package: xcolor-patch 2011/01/30 xcolor patch
Package: atveryend 2011/06/30 v1.8 Hooks at the very end of document (HO)
Package atveryend Info: \enddocument detected (standard20110627).
Package hobsub Info: Skipping package `atbegshi' (already loaded).
Package: refcount 2011/10/16 v3.4 Data extraction from label references (HO)
Package: hycolor 2011/01/30 v1.7 Color options for hyperref/bookmark (HO)
)
("C:\Program Files\MiKTeX 2.9\tex\latex\oberdiek\auxhook.sty"
Package: auxhook 2011/03/04 v1.3 Hooks for auxiliary files (HO)
)
("C:\Program Files\MiKTeX 2.9\tex\latex\oberdiek\kvoptions.sty"
Package: kvoptions 2011/06/30 v3.11 Key value format for package options (HO)
)
\@linkdim=\dimen117
\Hy@linkcounter=\count103
\Hy@pagecounter=\count104

("C:\Program Files\MiKTeX 2.9\tex\latex\hyperref\pd1enc.def"
File: pd1enc.def 2012/11/06 v6.83m Hyperref: PDFDocEncoding definition (HO)
Now handling font encoding PD1 ...
... no UTF-8 mapping file for font encoding PD1
)
\Hy@SavedSpaceFactor=\count105

("C:\Program Files\MiKTeX 2.9\tex\latex\00miktex\hyperref.cfg"
File: hyperref.cfg 2002/06/06 v1.2 hyperref configuration of TeXLive
)
Package hyperref Info: Option `bookmarks' set `true' on input line 4319.
Package hyperref Info: Option `colorlinks' set `true' on input line 4319.
Package hyperref Info: Hyper figures OFF on input line 4443.
Package hyperref Info: Link nesting OFF on input line 4448.
Package hyperref Info: Hyper index ON on input line 4451.
Package hyperref Info: Plain pages OFF on input line 4458.
Package hyperref Info: Backreferencing OFF on input line 4463.
Package hyperref Info: Implicit mode ON; LaTeX internals redefined.
Package hyperref Info: Bookmarks ON on input line 4688.
\c@Hy@tempcnt=\count106

("C:\Program Files\MiKTeX 2.9\tex\latex\url\url.sty"
\Urlmuskip=\muskip10
Package: url 2013/09/16  ver 3.4  Verb mode for urls, etc.
)
LaTeX Info: Redefining \url on input line 5041.
\XeTeXLinkMargin=\dimen118
\Fld@menulength=\count107
\Field@Width=\dimen119
\Fld@charsize=\dimen120
Package hyperref Info: Hyper figures OFF on input line 6295.
Package hyperref Info: Link nesting OFF on input line 6300.
Package hyperref Info: Hyper index ON on input line 6303.
Package hyperref Info: backreferencing OFF on input line 6310.
Package hyperref Info: Link coloring ON on input line 6313.
Package hyperref Info: Link coloring with OCG OFF on input line 6320.
Package hyperref Info: PDF/A mode OFF on input line 6325.
LaTeX Info: Redefining \ref on input line 6365.
LaTeX Info: Redefining \pageref on input line 6369.
\Hy@abspage=\count108
\c@Item=\count109
\c@Hfootnote=\count110
)

Package hyperref Message: Driver: hpdftex.

("C:\Program Files\MiKTeX 2.9\tex\latex\hyperref\hpdftex.def"
File: hpdftex.def 2012/11/06 v6.83m Hyperref driver for pdfTeX
\Fld@listcount=\count111
\c@bookmark@seq@number=\count112

("C:\Program Files\MiKTeX 2.9\tex\latex\oberdiek\rerunfilecheck.sty"
Package: rerunfilecheck 2011/04/15 v1.7 Rerun checks for auxiliary files (HO)
Package uniquecounter Info: New unique counter `rerunfilecheck' on input line 2
82.
)
\Hy@SectionHShift=\skip74
)
("C:\Program Files\MiKTeX 2.9\tex\latex\amsfonts\amssymb.sty"
Package: amssymb 2013/01/14 v3.01 AMS font symbols

("C:\Program Files\MiKTeX 2.9\tex\latex\amsfonts\amsfonts.sty"
Package: amsfonts 2013/01/14 v3.01 Basic AMSFonts support
\@emptytoks=\toks20
\symAMSa=\mathgroup4
\symAMSb=\mathgroup5
LaTeX Font Info:    Overwriting math alphabet `\mathfrak' in version `bold'
(Font)                  U/euf/m/n --> U/euf/b/n on input line 106.
))
("C:\Program Files\MiKTeX 2.9\tex\latex\colortbl\colortbl.sty"
Package: colortbl 2012/02/13 v1.0a Color table columns (DPC)

("C:\Program Files\MiKTeX 2.9\tex\latex\tools\array.sty"
Package: array 2008/09/09 v2.4c Tabular extension package (FMi)
\col@sep=\dimen121
\extrarowheight=\dimen122
\NC@list=\toks21
\extratabsurround=\skip75
\backup@length=\skip76
)
\everycr=\toks22
\minrowclearance=\skip77
)
("C:\Program Files\MiKTeX 2.9\tex\latex\multirow\multirow.sty"
\bigstrutjot=\dimen123
))
("C:\Program Files\MiKTeX 2.9\tex\latex\chapterfolder\chapterfolder.sty"
Package: chapterfolder 2005/11/24 v2.0 Package for dealing with folder
\c@@cf@currentpos=\count113
)
("C:\Program Files\MiKTeX 2.9\tex\latex\listings\listings.sty"
\lst@mode=\count114
\lst@gtempboxa=\box30
\lst@token=\toks23
\lst@length=\count115
\lst@currlwidth=\dimen124
\lst@column=\count116
\lst@pos=\count117
\lst@lostspace=\dimen125
\lst@width=\dimen126
\lst@newlines=\count118
\lst@lineno=\count119
\lst@maxwidth=\dimen127

("C:\Program Files\MiKTeX 2.9\tex\latex\listings\lstmisc.sty"
File: lstmisc.sty 2015/06/04 1.6 (Carsten Heinz)
\c@lstnumber=\count120
\lst@skipnumbers=\count121
\lst@framebox=\box31
)
("C:\Program Files\MiKTeX 2.9\tex\latex\listings\listings.cfg"
File: listings.cfg 2015/06/04 1.6 listings configuration
))
Package: listings 2015/06/04 1.6 (Carsten Heinz)
)
(C:\Users\Arturo\Desktop\adoo\CU\analisis.aux)
LaTeX Font Info:    Checking defaults for OML/cmm/m/it on input line 13.
LaTeX Font Info:    ... okay on input line 13.
LaTeX Font Info:    Checking defaults for T1/cmr/m/n on input line 13.
LaTeX Font Info:    ... okay on input line 13.
LaTeX Font Info:    Checking defaults for OT1/cmr/m/n on input line 13.
LaTeX Font Info:    ... okay on input line 13.
LaTeX Font Info:    Checking defaults for OMS/cmsy/m/n on input line 13.
LaTeX Font Info:    ... okay on input line 13.
LaTeX Font Info:    Checking defaults for OMX/cmex/m/n on input line 13.
LaTeX Font Info:    ... okay on input line 13.
LaTeX Font Info:    Checking defaults for U/cmr/m/n on input line 13.
LaTeX Font Info:    ... okay on input line 13.
LaTeX Font Info:    Checking defaults for PD1/pdf/m/n on input line 13.
LaTeX Font Info:    ... okay on input line 13.

("C:\Program Files\MiKTeX 2.9\tex\context\base\supp-pdf.mkii"
[Loading MPS to PDF converter (version 2006.09.02).]
\scratchcounter=\count122
\scratchdimen=\dimen128
\scratchbox=\box32
\nofMPsegments=\count123
\nofMParguments=\count124
\everyMPshowfont=\toks24
\MPscratchCnt=\count125
\MPscratchDim=\dimen129
\MPnumerator=\count126
\makeMPintoPDFobject=\count127
\everyMPtoPDFconversion=\toks25
)
\AtBeginShipoutBox=\box33

*geometry* driver: auto-detecting
*geometry* detected driver: pdftex
*geometry* verbose mode - [ preamble ] result:
* driver: pdftex
* paper: <default>
* layout: <same size as paper>
* layoutoffset:(h,v)=(0.0pt,0.0pt)
* modes: twoside 
* h-part:(L,W,R)=(85.35826pt, 443.57848pt, 85.35826pt)
* v-part:(T,H,B)=(99.58464pt, 595.8007pt, 99.58464pt)
* \paperwidth=614.295pt
* \paperheight=794.96999pt
* \textwidth=470.0pt
* \textheight=630.0pt
* \oddsidemargin=13.08827pt
* \evensidemargin=30.0pt
* \topmargin=0.0pt
* \headheight=30.0pt
* \headsep=18.06749pt
* \topskip=10.0pt
* \footskip=25.29494pt
* \marginparwidth=0.0pt
* \marginparsep=7.0pt
* \columnsep=10.0pt
* \skip\footins=9.0pt plus 4.0pt minus 2.0pt
* \hoffset=-36.135pt
* \voffset=-36.135pt
* \mag=1000
* \@twocolumnfalse
* \@twosidetrue
* \@mparswitchtrue
* \@reversemarginfalse
* (1in=72.27pt=25.4mm, 1cm=28.453pt)

Package hyperref Info: Link coloring ON on input line 13.
("C:\Program Files\MiKTeX 2.9\tex\latex\hyperref\nameref.sty"
Package: nameref 2012/10/27 v2.43 Cross-referencing by name of section

("C:\Program Files\MiKTeX 2.9\tex\generic\oberdiek\gettitlestring.sty"
Package: gettitlestring 2010/12/03 v1.4 Cleanup title references (HO)
)
\c@section@level=\count128
)
LaTeX Info: Redefining \ref on input line 13.
LaTeX Info: Redefining \pageref on input line 13.
LaTeX Info: Redefining \nameref on input line 13.

(C:\Users\Arturo\Desktop\adoo\CU\analisis.out)
(C:\Users\Arturo\Desktop\adoo\CU\analisis.out)
\@outlinefile=\write3
\c@lstlisting=\count129
LaTeX Font Info:    Try loading font information for OML+cmbrm on input line 16
.

("C:\Program Files\MiKTeX 2.9\tex\latex\cmbright\omlcmbrm.fd"
File: omlcmbrm.fd 2005/04/13 v8.1 (WaS)
)
LaTeX Font Info:    Try loading font information for OMS+cmbrs on input line 16
.

("C:\Program Files\MiKTeX 2.9\tex\latex\cmbright\omscmbrs.fd"
File: omscmbrs.fd 2005/04/13 v8.1 (WaS)
) [1


{C:/ProgramData/MiKTeX/2.9/pdftex/config/pdftex.map}] [2

]
(C:\Users\Arturo\Desktop\adoo\CU\analisis.toc

LaTeX Font Warning: Font shape `OT1/cmbr/m/sc' undefined
(Font)              using `OT1/cmbr/m/n' instead on input line 36.


Package spanish Warning: Replacing `OT1/cmbr/m/sc' by 
(spanish)                faked small caps on input line 36.

[1

])
\tf@toc=\write4
 <images/headerPar.png, id=279, 1846.9pt x 348.30125pt>
File: images/headerPar.png Graphic file (type png)

<use images/headerPar.png>
Package pdftex.def Info: images/headerPar.png used on input line 21.
(pdftex.def)             Requested size: 185.57443pt x 35.0pt.


Package Fancyhdr Warning: \headheight is too small (30.0pt): 
 Make it at least 38.75003pt.
 We now make it that large for the rest of the document.
 This may cause the page layout to be inconsistent, however.


Package spanish Warning: Replacing `OT1/cmbr/m/sc' by 
(spanish)                faked small caps on input line 21.

LaTeX Font Info:    Font shape `OT1/cmbr/m/it' in size <5> not available
(Font)              Font shape `OT1/cmbr/m/sl' tried instead on input line 21.
LaTeX Font Info:    Try loading font information for U+mvs on input line 21.
("C:\Program Files\MiKTeX 2.9\tex\latex\marvosym\umvs.fd") [2 <C:/Users/Arturo/
Desktop/adoo/CU/images/headerPar.png>]
(C:\Users\Arturo\Desktop\adoo\CU\dinamico.tex
Cap\'{\i }tulo 1.
<images/1.jpg, id=290, 1441.385pt x 840.13875pt>
File: images/1.jpg Graphic file (type jpg)
 <use images/1.jpg>
Package pdftex.def Info: images/1.jpg used on input line 11.
(pdftex.def)             Requested size: 483.68623pt x 284.5281pt.

Overfull \hbox (13.68623pt too wide) in paragraph at lines 11--12
 [][] 
 []

(C:\Users\Arturo\Desktop\adoo\CU\actores.tex
Underfull \vbox (badness 1635) has occurred while \output is active []

pdfTeX warning (ext4): destination with the same identifier (name{page.1}) has 
been already used, duplicate ignored
<to be read again> 
                   \relax 
l.3 	 A
        continuación se describen los actores del sistema. [1


 <C:/Users/Arturo/Desktop/adoo/CU/images/1.jpg>]
LaTeX Font Info:    Try loading font information for OMS+cmbr on input line 12.


("C:\Program Files\MiKTeX 2.9\tex\latex\cmbright\omscmbr.fd"
File: omscmbr.fd 2005/04/13 v8.1 (WaS)
)
LaTeX Font Info:    Font shape `OMS/cmbr/m/n' in size <10> not available
(Font)              Font shape `OMS/cmbrs/m/n' tried instead on input line 12.
File: images/headerPar.png Graphic file (type png)

<use images/headerPar.png>
Package pdftex.def Info: images/headerPar.png used on input line 47.
(pdftex.def)             Requested size: 185.57443pt x 35.0pt.


Package Fancyhdr Warning: \headheight is too small (30.0pt): 
 Make it at least 38.75003pt.
 We now make it that large for the rest of the document.
 This may cause the page layout to be inconsistent, however.

pdfTeX warning (ext4): destination with the same identifier (name{page.2}) has 
been already used, duplicate ignored
<to be read again> 
                   \relax 
l.47 	\item[Lugares de operación: ]
                                     Casa, celular, oficina. [2])
Underfull \hbox (badness 10000) in paragraph at lines 22--23

 []

<images/headerInp.png, id=302, 1858.945pt x 358.33875pt>
File: images/headerInp.png Graphic file (type png)

<use images/headerInp.png>
Package pdftex.def Info: images/headerInp.png used on input line 40.
(pdftex.def)             Requested size: 181.56552pt x 35.0pt.


Package Fancyhdr Warning: \headheight is too small (30.0pt): 
 Make it at least 38.75003pt.
 We now make it that large for the rest of the document.
 This may cause the page layout to be inconsistent, however.

[3 <C:/Users/Arturo/Desktop/adoo/CU/images/headerInp.png>]
(C:\Users\Arturo\Desktop\adoo\CU\cu17/cu.tex
File: images/headerPar.png Graphic file (type png)
 <use images/headerPar.png>
Package pdftex.def Info: images/headerPar.png used on input line 5.
(pdftex.def)             Requested size: 185.57443pt x 35.0pt.


Package Fancyhdr Warning: \headheight is too small (30.0pt): 
 Make it at least 38.75003pt.
 We now make it that large for the rest of the document.
 This may cause the page layout to be inconsistent, however.

[4] <images/uc/default.png, id=313, 926.46124pt x 57.21375pt>
File: images/uc/default.png Graphic file (type png)

<use images/uc/default.png>
Package pdftex.def Info: images/uc/default.png used on input line 5.
(pdftex.def)             Requested size: 517.00287pt x 31.92772pt.

Overfull \hbox (47.00287pt too wide) in paragraph at lines 5--5
[][][] 
 []


Underfull \hbox (badness 10000) in paragraph at lines 35--35

 []

<images/uc/actor.png, id=314, 96.36pt x 74.2775pt>
File: images/uc/actor.png Graphic file (type png)
 <use images/uc/actor.png>
Package pdftex.def Info: images/uc/actor.png used on input line 36.
(pdftex.def)             Requested size: 14.26958pt x 11.0pt.

<images/uc/iu.png, id=315, 61.22874pt x 55.20625pt>
File: images/uc/iu.png Graphic file (type png)
 <use images/uc/iu.png>
Package pdftex.def Info: images/uc/iu.png used on input line 36.
(pdftex.def)             Requested size: 11.09076pt x 10.0pt.
File: images/headerInp.png Graphic file (type png)

<use images/headerInp.png>
Package pdftex.def Info: images/headerInp.png used on input line 37.
(pdftex.def)             Requested size: 181.56552pt x 35.0pt.


Package Fancyhdr Warning: \headheight is too small (30.0pt): 
 Make it at least 38.75003pt.
 We now make it that large for the rest of the document.
 This may cause the page layout to be inconsistent, however.

[5 <C:/Users/Arturo/Desktop/adoo/CU/images/uc/default.png>]
File: images/uc/actor.png Graphic file (type png)

<use images/uc/actor.png>
Package pdftex.def Info: images/uc/actor.png used on input line 37.
(pdftex.def)             Requested size: 14.26958pt x 11.0pt.

<images/uc/usecase.png, id=324, 91.34125pt x 61.22874pt>
File: images/uc/usecase.png Graphic file (type png)

<use images/uc/usecase.png>
Package pdftex.def Info: images/uc/usecase.png used on input line 39.
(pdftex.def)             Requested size: 16.40865pt x 11.0pt.
File: images/uc/iu.png Graphic file (type png)
 <use images/uc/iu.png>
Package pdftex.def Info: images/uc/iu.png used on input line 39.
(pdftex.def)             Requested size: 11.09076pt x 10.0pt.
File: images/uc/actor.png Graphic file (type png)
 <use images/uc/actor.png>
Package pdftex.def Info: images/uc/actor.png used on input line 41.
(pdftex.def)             Requested size: 14.26958pt x 11.0pt.
File: images/uc/usecase.png Graphic file (type png)

<use images/uc/usecase.png>
Package pdftex.def Info: images/uc/usecase.png used on input line 43.
(pdftex.def)             Requested size: 16.40865pt x 11.0pt.
File: images/uc/usecase.png Graphic file (type png)
 <use images/uc/usecase.png>
Package pdftex.def Info: images/uc/usecase.png used on input line 46.
(pdftex.def)             Requested size: 16.40865pt x 11.0pt.
File: images/uc/usecase.png Graphic file (type png)

<use images/uc/usecase.png>
Package pdftex.def Info: images/uc/usecase.png used on input line 48.
(pdftex.def)             Requested size: 16.40865pt x 11.0pt.
File: images/uc/usecase.png Graphic file (type png)
 <use images/uc/usecase.png>
Package pdftex.def Info: images/uc/usecase.png used on input line 50.
(pdftex.def)             Requested size: 16.40865pt x 11.0pt.
LaTeX Font Info:    Font shape `OT1/cmbr/m/it' in size <10> not available
(Font)              Font shape `OT1/cmbr/m/sl' tried instead on input line 53.
File: images/uc/actor.png Graphic file (type png)

<use images/uc/actor.png>
Package pdftex.def Info: images/uc/actor.png used on input line 58.
(pdftex.def)             Requested size: 14.26958pt x 11.0pt.
File: images/uc/actor.png Graphic file (type png)
 <use images/uc/actor.png>
Package pdftex.def Info: images/uc/actor.png used on input line 59.
(pdftex.def)             Requested size: 14.26958pt x 11.0pt.
File: images/uc/usecase.png Graphic file (type png)

<use images/uc/usecase.png>
Package pdftex.def Info: images/uc/usecase.png used on input line 60.
(pdftex.def)             Requested size: 16.40865pt x 11.0pt.
File: images/uc/usecase.png Graphic file (type png)
 <use images/uc/usecase.png>
Package pdftex.def Info: images/uc/usecase.png used on input line 61.
(pdftex.def)             Requested size: 16.40865pt x 11.0pt.
File: images/uc/usecase.png Graphic file (type png)

<use images/uc/usecase.png>
Package pdftex.def Info: images/uc/usecase.png used on input line 65.
(pdftex.def)             Requested size: 16.40865pt x 11.0pt.
File: images/uc/usecase.png Graphic file (type png)
 <use images/uc/usecase.png>
Package pdftex.def Info: images/uc/usecase.png used on input line 66.
(pdftex.def)             Requested size: 16.40865pt x 11.0pt.
)
(C:\Users\Arturo\Desktop\adoo\CU\cu17/cu2.tex
File: images/headerPar.png Graphic file (type png)
 <use images/headerPar.png>
Package pdftex.def Info: images/headerPar.png used on input line 4.
(pdftex.def)             Requested size: 185.57443pt x 35.0pt.


Package Fancyhdr Warning: \headheight is too small (30.0pt): 
 Make it at least 38.75003pt.
 We now make it that large for the rest of the document.
 This may cause the page layout to be inconsistent, however.

[6 <C:/Users/Arturo/Desktop/adoo/CU/images/uc/actor.png> <C:/Users/Arturo/Deskt
op/adoo/CU/images/uc/iu.png> <C:/Users/Arturo/Desktop/adoo/CU/images/uc/usecase
.png>]
File: images/uc/default.png Graphic file (type png)
 <use images/uc/default.png>
Package pdftex.def Info: images/uc/default.png used on input line 4.
(pdftex.def)             Requested size: 517.00287pt x 31.92772pt.

Overfull \hbox (47.00287pt too wide) in paragraph at lines 4--4
[][][] 
 []


Underfull \hbox (badness 10000) in paragraph at lines 35--35

 []

File: images/headerInp.png Graphic file (type png)
<use images/headerInp.png>
Package pdftex.def Info: images/headerInp.png used on input line 36.
(pdftex.def)             Requested size: 181.56552pt x 35.0pt.


Package Fancyhdr Warning: \headheight is too small (30.0pt): 
 Make it at least 38.75003pt.
 We now make it that large for the rest of the document.
 This may cause the page layout to be inconsistent, however.

[7]
File: images/uc/actor.png Graphic file (type png)
 <use images/uc/actor.png>
Package pdftex.def Info: images/uc/actor.png used on input line 36.
(pdftex.def)             Requested size: 14.26958pt x 11.0pt.
File: images/uc/usecase.png Graphic file (type png)
 <use images/uc/usecase.png>
Package pdftex.def Info: images/uc/usecase.png used on input line 37.
(pdftex.def)             Requested size: 16.40865pt x 11.0pt.
File: images/uc/usecase.png Graphic file (type png)

<use images/uc/usecase.png>
Package pdftex.def Info: images/uc/usecase.png used on input line 38.
(pdftex.def)             Requested size: 16.40865pt x 11.0pt.
File: images/uc/iu.png Graphic file (type png)
 <use images/uc/iu.png>
Package pdftex.def Info: images/uc/iu.png used on input line 38.
(pdftex.def)             Requested size: 11.09076pt x 10.0pt.
File: images/uc/usecase.png Graphic file (type png)
 <use images/uc/usecase.png>
Package pdftex.def Info: images/uc/usecase.png used on input line 39.
(pdftex.def)             Requested size: 16.40865pt x 11.0pt.
File: images/uc/actor.png Graphic file (type png)

<use images/uc/actor.png>
Package pdftex.def Info: images/uc/actor.png used on input line 40.
(pdftex.def)             Requested size: 14.26958pt x 11.0pt.
File: images/uc/usecase.png Graphic file (type png)
 <use images/uc/usecase.png>
Package pdftex.def Info: images/uc/usecase.png used on input line 41.
(pdftex.def)             Requested size: 16.40865pt x 11.0pt.
File: images/uc/iu.png Graphic file (type png)
 <use images/uc/iu.png>
Package pdftex.def Info: images/uc/iu.png used on input line 41.
(pdftex.def)             Requested size: 11.09076pt x 10.0pt.
File: images/uc/usecase.png Graphic file (type png)

<use images/uc/usecase.png>
Package pdftex.def Info: images/uc/usecase.png used on input line 45.
(pdftex.def)             Requested size: 16.40865pt x 11.0pt.
File: images/uc/actor.png Graphic file (type png)
 <use images/uc/actor.png>
Package pdftex.def Info: images/uc/actor.png used on input line 46.
(pdftex.def)             Requested size: 14.26958pt x 11.0pt.
)
(C:\Users\Arturo\Desktop\adoo\CU\cu17/cu3.tex
File: images/headerPar.png Graphic file (type png)
 <use images/headerPar.png>
Package pdftex.def Info: images/headerPar.png used on input line 6.
(pdftex.def)             Requested size: 185.57443pt x 35.0pt.


Package Fancyhdr Warning: \headheight is too small (30.0pt): 
 Make it at least 38.75003pt.
 We now make it that large for the rest of the document.
 This may cause the page layout to be inconsistent, however.

[8]
File: images/uc/default.png Graphic file (type png)
 <use images/uc/default.png>
Package pdftex.def Info: images/uc/default.png used on input line 6.
(pdftex.def)             Requested size: 517.00287pt x 31.92772pt.

Overfull \hbox (47.00287pt too wide) in paragraph at lines 6--6
[][][] 
 []


Underfull \hbox (badness 10000) in paragraph at lines 38--38

 []

File: images/uc/actor.png Graphic file (type png)
<use images/uc/actor.png>
Package pdftex.def Info: images/uc/actor.png used on input line 39.
(pdftex.def)             Requested size: 14.26958pt x 11.0pt.
File: images/uc/iu.png Graphic file (type png)
 <use images/uc/iu.png>
Package pdftex.def Info: images/uc/iu.png used on input line 39.
(pdftex.def)             Requested size: 11.09076pt x 10.0pt.
File: images/uc/actor.png Graphic file (type png)
 <use images/uc/actor.png>
Package pdftex.def Info: images/uc/actor.png used on input line 41.
(pdftex.def)             Requested size: 14.26958pt x 11.0pt.
File: images/uc/usecase.png Graphic file (type png)

<use images/uc/usecase.png>
Package pdftex.def Info: images/uc/usecase.png used on input line 44.
(pdftex.def)             Requested size: 16.40865pt x 11.0pt.
File: images/uc/iu.png Graphic file (type png)
 <use images/uc/iu.png>
Package pdftex.def Info: images/uc/iu.png used on input line 44.
(pdftex.def)             Requested size: 11.09076pt x 10.0pt.
File: images/headerInp.png Graphic file (type png)
 <use images/headerInp.png>
Package pdftex.def Info: images/headerInp.png used on input line 45.
(pdftex.def)             Requested size: 181.56552pt x 35.0pt.


Package Fancyhdr Warning: \headheight is too small (30.0pt): 
 Make it at least 38.75003pt.
 We now make it that large for the rest of the document.
 This may cause the page layout to be inconsistent, however.

[9]
File: images/uc/actor.png Graphic file (type png)
 <use images/uc/actor.png>
Package pdftex.def Info: images/uc/actor.png used on input line 45.
(pdftex.def)             Requested size: 14.26958pt x 11.0pt.
File: images/uc/usecase.png Graphic file (type png)
 <use images/uc/usecase.png>
Package pdftex.def Info: images/uc/usecase.png used on input line 46.
(pdftex.def)             Requested size: 16.40865pt x 11.0pt.
File: images/uc/usecase.png Graphic file (type png)

<use images/uc/usecase.png>
Package pdftex.def Info: images/uc/usecase.png used on input line 47.
(pdftex.def)             Requested size: 16.40865pt x 11.0pt.
File: images/uc/usecase.png Graphic file (type png)
 <use images/uc/usecase.png>
Package pdftex.def Info: images/uc/usecase.png used on input line 48.
(pdftex.def)             Requested size: 16.40865pt x 11.0pt.
File: images/uc/usecase.png Graphic file (type png)

<use images/uc/usecase.png>
Package pdftex.def Info: images/uc/usecase.png used on input line 49.
(pdftex.def)             Requested size: 16.40865pt x 11.0pt.
File: images/uc/usecase.png Graphic file (type png)
 <use images/uc/usecase.png>
Package pdftex.def Info: images/uc/usecase.png used on input line 50.
(pdftex.def)             Requested size: 16.40865pt x 11.0pt.
File: images/uc/usecase.png Graphic file (type png)

<use images/uc/usecase.png>
Package pdftex.def Info: images/uc/usecase.png used on input line 51.
(pdftex.def)             Requested size: 16.40865pt x 11.0pt.
File: images/uc/usecase.png Graphic file (type png)
 <use images/uc/usecase.png>
Package pdftex.def Info: images/uc/usecase.png used on input line 57.
(pdftex.def)             Requested size: 16.40865pt x 11.0pt.
File: images/uc/usecase.png Graphic file (type png)

<use images/uc/usecase.png>
Package pdftex.def Info: images/uc/usecase.png used on input line 58.
(pdftex.def)             Requested size: 16.40865pt x 11.0pt.
File: images/uc/usecase.png Graphic file (type png)
 <use images/uc/usecase.png>
Package pdftex.def Info: images/uc/usecase.png used on input line 59.
(pdftex.def)             Requested size: 16.40865pt x 11.0pt.
File: images/uc/usecase.png Graphic file (type png)

<use images/uc/usecase.png>
Package pdftex.def Info: images/uc/usecase.png used on input line 63.
(pdftex.def)             Requested size: 16.40865pt x 11.0pt.
File: images/uc/usecase.png Graphic file (type png)
 <use images/uc/usecase.png>
Package pdftex.def Info: images/uc/usecase.png used on input line 64.
(pdftex.def)             Requested size: 16.40865pt x 11.0pt.
File: images/uc/usecase.png Graphic file (type png)

<use images/uc/usecase.png>
Package pdftex.def Info: images/uc/usecase.png used on input line 65.
(pdftex.def)             Requested size: 16.40865pt x 11.0pt.
File: images/uc/usecase.png Graphic file (type png)
 <use images/uc/usecase.png>
Package pdftex.def Info: images/uc/usecase.png used on input line 66.
(pdftex.def)             Requested size: 16.40865pt x 11.0pt.
File: images/uc/usecase.png Graphic file (type png)

<use images/uc/usecase.png>
Package pdftex.def Info: images/uc/usecase.png used on input line 70.
(pdftex.def)             Requested size: 16.40865pt x 11.0pt.
File: images/uc/usecase.png Graphic file (type png)
 <use images/uc/usecase.png>
Package pdftex.def Info: images/uc/usecase.png used on input line 71.
(pdftex.def)             Requested size: 16.40865pt x 11.0pt.
File: images/uc/usecase.png Graphic file (type png)

<use images/uc/usecase.png>
Package pdftex.def Info: images/uc/usecase.png used on input line 72.
(pdftex.def)             Requested size: 16.40865pt x 11.0pt.
File: images/uc/usecase.png Graphic file (type png)
 <use images/uc/usecase.png>
Package pdftex.def Info: images/uc/usecase.png used on input line 73.
(pdftex.def)             Requested size: 16.40865pt x 11.0pt.
)
(C:\Users\Arturo\Desktop\adoo\CU\cu17/cu4.tex
File: images/headerPar.png Graphic file (type png)
 <use images/headerPar.png>
Package pdftex.def Info: images/headerPar.png used on input line 4.
(pdftex.def)             Requested size: 185.57443pt x 35.0pt.


Package Fancyhdr Warning: \headheight is too small (30.0pt): 
 Make it at least 38.75003pt.
 We now make it that large for the rest of the document.
 This may cause the page layout to be inconsistent, however.

[10]
File: images/uc/default.png Graphic file (type png)
 <use images/uc/default.png>
Package pdftex.def Info: images/uc/default.png used on input line 4.
(pdftex.def)             Requested size: 517.00287pt x 31.92772pt.

Overfull \hbox (47.00287pt too wide) in paragraph at lines 4--4
[][][] 
 []


Underfull \hbox (badness 10000) in paragraph at lines 34--34

 []

File: images/uc/usecase.png Graphic file (type png)
<use images/uc/usecase.png>
Package pdftex.def Info: images/uc/usecase.png used on input line 35.
(pdftex.def)             Requested size: 16.40865pt x 11.0pt.
File: images/uc/usecase.png Graphic file (type png)
 <use images/uc/usecase.png>
Package pdftex.def Info: images/uc/usecase.png used on input line 36.
(pdftex.def)             Requested size: 16.40865pt x 11.0pt.
File: images/headerInp.png Graphic file (type png)

<use images/headerInp.png>
Package pdftex.def Info: images/headerInp.png used on input line 37.
(pdftex.def)             Requested size: 181.56552pt x 35.0pt.


Package Fancyhdr Warning: \headheight is too small (30.0pt): 
 Make it at least 38.75003pt.
 We now make it that large for the rest of the document.
 This may cause the page layout to be inconsistent, however.

[11]
File: images/uc/usecase.png Graphic file (type png)
 <use images/uc/usecase.png>
Package pdftex.def Info: images/uc/usecase.png used on input line 37.
(pdftex.def)             Requested size: 16.40865pt x 11.0pt.
File: images/uc/usecase.png Graphic file (type png)
 <use images/uc/usecase.png>
Package pdftex.def Info: images/uc/usecase.png used on input line 38.
(pdftex.def)             Requested size: 16.40865pt x 11.0pt.
File: images/uc/usecase.png Graphic file (type png)

<use images/uc/usecase.png>
Package pdftex.def Info: images/uc/usecase.png used on input line 39.
(pdftex.def)             Requested size: 16.40865pt x 11.0pt.
File: images/uc/usecase.png Graphic file (type png)
 <use images/uc/usecase.png>
Package pdftex.def Info: images/uc/usecase.png used on input line 40.
(pdftex.def)             Requested size: 16.40865pt x 11.0pt.
File: images/uc/usecase.png Graphic file (type png)

<use images/uc/usecase.png>
Package pdftex.def Info: images/uc/usecase.png used on input line 41.
(pdftex.def)             Requested size: 16.40865pt x 11.0pt.
File: images/uc/usecase.png Graphic file (type png)
 <use images/uc/usecase.png>
Package pdftex.def Info: images/uc/usecase.png used on input line 42.
(pdftex.def)             Requested size: 16.40865pt x 11.0pt.
File: images/uc/usecase.png Graphic file (type png)

<use images/uc/usecase.png>
Package pdftex.def Info: images/uc/usecase.png used on input line 43.
(pdftex.def)             Requested size: 16.40865pt x 11.0pt.
File: images/uc/usecase.png Graphic file (type png)
 <use images/uc/usecase.png>
Package pdftex.def Info: images/uc/usecase.png used on input line 44.
(pdftex.def)             Requested size: 16.40865pt x 11.0pt.
File: images/uc/usecase.png Graphic file (type png)

<use images/uc/usecase.png>
Package pdftex.def Info: images/uc/usecase.png used on input line 45.
(pdftex.def)             Requested size: 16.40865pt x 11.0pt.
File: images/uc/usecase.png Graphic file (type png)
 <use images/uc/usecase.png>
Package pdftex.def Info: images/uc/usecase.png used on input line 46.
(pdftex.def)             Requested size: 16.40865pt x 11.0pt.
File: images/uc/usecase.png Graphic file (type png)

<use images/uc/usecase.png>
Package pdftex.def Info: images/uc/usecase.png used on input line 47.
(pdftex.def)             Requested size: 16.40865pt x 11.0pt.
File: images/uc/usecase.png Graphic file (type png)
 <use images/uc/usecase.png>
Package pdftex.def Info: images/uc/usecase.png used on input line 48.
(pdftex.def)             Requested size: 16.40865pt x 11.0pt.
File: images/uc/usecase.png Graphic file (type png)

<use images/uc/usecase.png>
Package pdftex.def Info: images/uc/usecase.png used on input line 49.
(pdftex.def)             Requested size: 16.40865pt x 11.0pt.
File: images/uc/usecase.png Graphic file (type png)
 <use images/uc/usecase.png>
Package pdftex.def Info: images/uc/usecase.png used on input line 50.
(pdftex.def)             Requested size: 16.40865pt x 11.0pt.
File: images/uc/usecase.png Graphic file (type png)

<use images/uc/usecase.png>
Package pdftex.def Info: images/uc/usecase.png used on input line 54.
(pdftex.def)             Requested size: 16.40865pt x 11.0pt.
File: images/uc/usecase.png Graphic file (type png)
 <use images/uc/usecase.png>
Package pdftex.def Info: images/uc/usecase.png used on input line 55.
(pdftex.def)             Requested size: 16.40865pt x 11.0pt.
File: images/uc/usecase.png Graphic file (type png)

<use images/uc/usecase.png>
Package pdftex.def Info: images/uc/usecase.png used on input line 56.
(pdftex.def)             Requested size: 16.40865pt x 11.0pt.
File: images/uc/usecase.png Graphic file (type png)
 <use images/uc/usecase.png>
Package pdftex.def Info: images/uc/usecase.png used on input line 57.
(pdftex.def)             Requested size: 16.40865pt x 11.0pt.
File: images/uc/usecase.png Graphic file (type png)

<use images/uc/usecase.png>
Package pdftex.def Info: images/uc/usecase.png used on input line 58.
(pdftex.def)             Requested size: 16.40865pt x 11.0pt.
File: images/uc/usecase.png Graphic file (type png)
 <use images/uc/usecase.png>
Package pdftex.def Info: images/uc/usecase.png used on input line 59.
(pdftex.def)             Requested size: 16.40865pt x 11.0pt.
File: images/uc/usecase.png Graphic file (type png)

<use images/uc/usecase.png>
Package pdftex.def Info: images/uc/usecase.png used on input line 63.
(pdftex.def)             Requested size: 16.40865pt x 11.0pt.
File: images/uc/usecase.png Graphic file (type png)
 <use images/uc/usecase.png>
Package pdftex.def Info: images/uc/usecase.png used on input line 64.
(pdftex.def)             Requested size: 16.40865pt x 11.0pt.
File: images/uc/usecase.png Graphic file (type png)

<use images/uc/usecase.png>
Package pdftex.def Info: images/uc/usecase.png used on input line 65.
(pdftex.def)             Requested size: 16.40865pt x 11.0pt.
File: images/uc/usecase.png Graphic file (type png)
 <use images/uc/usecase.png>
Package pdftex.def Info: images/uc/usecase.png used on input line 66.
(pdftex.def)             Requested size: 16.40865pt x 11.0pt.
File: images/uc/usecase.png Graphic file (type png)

<use images/uc/usecase.png>
Package pdftex.def Info: images/uc/usecase.png used on input line 67.
(pdftex.def)             Requested size: 16.40865pt x 11.0pt.
File: images/uc/usecase.png Graphic file (type png)
 <use images/uc/usecase.png>
Package pdftex.def Info: images/uc/usecase.png used on input line 68.
(pdftex.def)             Requested size: 16.40865pt x 11.0pt.
File: images/uc/usecase.png Graphic file (type png)

<use images/uc/usecase.png>
Package pdftex.def Info: images/uc/usecase.png used on input line 72.
(pdftex.def)             Requested size: 16.40865pt x 11.0pt.
File: images/uc/usecase.png Graphic file (type png)
 <use images/uc/usecase.png>
Package pdftex.def Info: images/uc/usecase.png used on input line 73.
(pdftex.def)             Requested size: 16.40865pt x 11.0pt.
File: images/uc/usecase.png Graphic file (type png)

<use images/uc/usecase.png>
Package pdftex.def Info: images/uc/usecase.png used on input line 74.
(pdftex.def)             Requested size: 16.40865pt x 11.0pt.
File: images/uc/usecase.png Graphic file (type png)
 <use images/uc/usecase.png>
Package pdftex.def Info: images/uc/usecase.png used on input line 75.
(pdftex.def)             Requested size: 16.40865pt x 11.0pt.
)
(C:\Users\Arturo\Desktop\adoo\CU\cu17/cu5.tex
File: images/headerPar.png Graphic file (type png)
 <use images/headerPar.png>
Package pdftex.def Info: images/headerPar.png used on input line 5.
(pdftex.def)             Requested size: 185.57443pt x 35.0pt.


Package Fancyhdr Warning: \headheight is too small (30.0pt): 
 Make it at least 38.75003pt.
 We now make it that large for the rest of the document.
 This may cause the page layout to be inconsistent, however.

[12]
File: images/uc/default.png Graphic file (type png)
 <use images/uc/default.png>
Package pdftex.def Info: images/uc/default.png used on input line 5.
(pdftex.def)             Requested size: 517.00287pt x 31.92772pt.

Overfull \hbox (47.00287pt too wide) in paragraph at lines 5--5
[][][] 
 []


Underfull \hbox (badness 10000) in paragraph at lines 36--36

 []

File: images/uc/actor.png Graphic file (type png)
<use images/uc/actor.png>
Package pdftex.def Info: images/uc/actor.png used on input line 38.
(pdftex.def)             Requested size: 14.26958pt x 11.0pt.
File: images/uc/iu.png Graphic file (type png)
 <use images/uc/iu.png>
Package pdftex.def Info: images/uc/iu.png used on input line 38.
(pdftex.def)             Requested size: 11.09076pt x 10.0pt.
File: images/uc/usecase.png Graphic file (type png)
 <use images/uc/usecase.png>
Package pdftex.def Info: images/uc/usecase.png used on input line 40.
(pdftex.def)             Requested size: 16.40865pt x 11.0pt.
File: images/headerInp.png Graphic file (type png)

<use images/headerInp.png>
Package pdftex.def Info: images/headerInp.png used on input line 43.
(pdftex.def)             Requested size: 181.56552pt x 35.0pt.


Package Fancyhdr Warning: \headheight is too small (30.0pt): 
 Make it at least 38.75003pt.
 We now make it that large for the rest of the document.
 This may cause the page layout to be inconsistent, however.

[13]
File: images/uc/usecase.png Graphic file (type png)
 <use images/uc/usecase.png>
Package pdftex.def Info: images/uc/usecase.png used on input line 43.
(pdftex.def)             Requested size: 16.40865pt x 11.0pt.
File: images/uc/iu.png Graphic file (type png)
 <use images/uc/iu.png>
Package pdftex.def Info: images/uc/iu.png used on input line 43.
(pdftex.def)             Requested size: 11.09076pt x 10.0pt.
File: images/uc/actor.png Graphic file (type png)

<use images/uc/actor.png>
Package pdftex.def Info: images/uc/actor.png used on input line 52.
(pdftex.def)             Requested size: 14.26958pt x 11.0pt.
File: images/uc/actor.png Graphic file (type png)
 <use images/uc/actor.png>
Package pdftex.def Info: images/uc/actor.png used on input line 53.
(pdftex.def)             Requested size: 14.26958pt x 11.0pt.
File: images/uc/usecase.png Graphic file (type png)

<use images/uc/usecase.png>
Package pdftex.def Info: images/uc/usecase.png used on input line 54.
(pdftex.def)             Requested size: 16.40865pt x 11.0pt.
File: images/uc/usecase.png Graphic file (type png)
 <use images/uc/usecase.png>
Package pdftex.def Info: images/uc/usecase.png used on input line 55.
(pdftex.def)             Requested size: 16.40865pt x 11.0pt.
File: images/uc/actor.png Graphic file (type png)

<use images/uc/actor.png>
Package pdftex.def Info: images/uc/actor.png used on input line 59.
(pdftex.def)             Requested size: 14.26958pt x 11.0pt.
File: images/uc/actor.png Graphic file (type png)
 <use images/uc/actor.png>
Package pdftex.def Info: images/uc/actor.png used on input line 60.
(pdftex.def)             Requested size: 14.26958pt x 11.0pt.
File: images/uc/usecase.png Graphic file (type png)

<use images/uc/usecase.png>
Package pdftex.def Info: images/uc/usecase.png used on input line 61.
(pdftex.def)             Requested size: 16.40865pt x 11.0pt.
File: images/uc/usecase.png Graphic file (type png)
 <use images/uc/usecase.png>
Package pdftex.def Info: images/uc/usecase.png used on input line 63.
(pdftex.def)             Requested size: 16.40865pt x 11.0pt.
)
(C:\Users\Arturo\Desktop\adoo\CU\cu17/cu7.tex
File: images/headerPar.png Graphic file (type png)
 <use images/headerPar.png>
Package pdftex.def Info: images/headerPar.png used on input line 5.
(pdftex.def)             Requested size: 185.57443pt x 35.0pt.


Package Fancyhdr Warning: \headheight is too small (30.0pt): 
 Make it at least 38.75003pt.
 We now make it that large for the rest of the document.
 This may cause the page layout to be inconsistent, however.

[14]
File: images/uc/default.png Graphic file (type png)
 <use images/uc/default.png>
Package pdftex.def Info: images/uc/default.png used on input line 5.
(pdftex.def)             Requested size: 517.00287pt x 31.92772pt.

Overfull \hbox (47.00287pt too wide) in paragraph at lines 5--5
[][][] 
 []


Underfull \hbox (badness 10000) in paragraph at lines 36--36

 []

File: images/uc/actor.png Graphic file (type png)
<use images/uc/actor.png>
Package pdftex.def Info: images/uc/actor.png used on input line 37.
(pdftex.def)             Requested size: 14.26958pt x 11.0pt.
File: images/uc/iu.png Graphic file (type png)
 <use images/uc/iu.png>
Package pdftex.def Info: images/uc/iu.png used on input line 38.
(pdftex.def)             Requested size: 11.09076pt x 10.0pt.
File: images/uc/usecase.png Graphic file (type png)
 <use images/uc/usecase.png>
Package pdftex.def Info: images/uc/usecase.png used on input line 39.
(pdftex.def)             Requested size: 16.40865pt x 11.0pt.
File: images/uc/iu.png Graphic file (type png)

<use images/uc/iu.png>
Package pdftex.def Info: images/uc/iu.png used on input line 39.
(pdftex.def)             Requested size: 11.09076pt x 10.0pt.
File: images/uc/actor.png Graphic file (type png)
 <use images/uc/actor.png>
Package pdftex.def Info: images/uc/actor.png used on input line 40.
(pdftex.def)             Requested size: 14.26958pt x 11.0pt.
File: images/headerInp.png Graphic file (type png)
 <use images/headerInp.png>
Package pdftex.def Info: images/headerInp.png used on input line 41.
(pdftex.def)             Requested size: 181.56552pt x 35.0pt.


Package Fancyhdr Warning: \headheight is too small (30.0pt): 
 Make it at least 38.75003pt.
 We now make it that large for the rest of the document.
 This may cause the page layout to be inconsistent, however.

[15]
File: images/uc/usecase.png Graphic file (type png)
 <use images/uc/usecase.png>
Package pdftex.def Info: images/uc/usecase.png used on input line 41.
(pdftex.def)             Requested size: 16.40865pt x 11.0pt.
File: images/uc/usecase.png Graphic file (type png)
 <use images/uc/usecase.png>
Package pdftex.def Info: images/uc/usecase.png used on input line 42.
(pdftex.def)             Requested size: 16.40865pt x 11.0pt.
File: images/uc/usecase.png Graphic file (type png)

<use images/uc/usecase.png>
Package pdftex.def Info: images/uc/usecase.png used on input line 43.
(pdftex.def)             Requested size: 16.40865pt x 11.0pt.
File: images/uc/usecase.png Graphic file (type png)
 <use images/uc/usecase.png>
Package pdftex.def Info: images/uc/usecase.png used on input line 44.
(pdftex.def)             Requested size: 16.40865pt x 11.0pt.
File: images/uc/usecase.png Graphic file (type png)

<use images/uc/usecase.png>
Package pdftex.def Info: images/uc/usecase.png used on input line 45.
(pdftex.def)             Requested size: 16.40865pt x 11.0pt.
File: images/uc/usecase.png Graphic file (type png)
 <use images/uc/usecase.png>
Package pdftex.def Info: images/uc/usecase.png used on input line 46.
(pdftex.def)             Requested size: 16.40865pt x 11.0pt.
File: images/uc/usecase.png Graphic file (type png)

<use images/uc/usecase.png>
Package pdftex.def Info: images/uc/usecase.png used on input line 47.
(pdftex.def)             Requested size: 16.40865pt x 11.0pt.
File: images/uc/usecase.png Graphic file (type png)
 <use images/uc/usecase.png>
Package pdftex.def Info: images/uc/usecase.png used on input line 48.
(pdftex.def)             Requested size: 16.40865pt x 11.0pt.
File: images/uc/usecase.png Graphic file (type png)

<use images/uc/usecase.png>
Package pdftex.def Info: images/uc/usecase.png used on input line 49.
(pdftex.def)             Requested size: 16.40865pt x 11.0pt.
File: images/uc/usecase.png Graphic file (type png)
 <use images/uc/usecase.png>
Package pdftex.def Info: images/uc/usecase.png used on input line 55.
(pdftex.def)             Requested size: 16.40865pt x 11.0pt.
File: images/uc/usecase.png Graphic file (type png)

<use images/uc/usecase.png>
Package pdftex.def Info: images/uc/usecase.png used on input line 56.
(pdftex.def)             Requested size: 16.40865pt x 11.0pt.
File: images/uc/usecase.png Graphic file (type png)
 <use images/uc/usecase.png>
Package pdftex.def Info: images/uc/usecase.png used on input line 57.
(pdftex.def)             Requested size: 16.40865pt x 11.0pt.
File: images/uc/usecase.png Graphic file (type png)

<use images/uc/usecase.png>
Package pdftex.def Info: images/uc/usecase.png used on input line 58.
(pdftex.def)             Requested size: 16.40865pt x 11.0pt.
File: images/uc/usecase.png Graphic file (type png)
 <use images/uc/usecase.png>
Package pdftex.def Info: images/uc/usecase.png used on input line 62.
(pdftex.def)             Requested size: 16.40865pt x 11.0pt.
File: images/uc/usecase.png Graphic file (type png)

<use images/uc/usecase.png>
Package pdftex.def Info: images/uc/usecase.png used on input line 63.
(pdftex.def)             Requested size: 16.40865pt x 11.0pt.
File: images/uc/usecase.png Graphic file (type png)
 <use images/uc/usecase.png>
Package pdftex.def Info: images/uc/usecase.png used on input line 64.
(pdftex.def)             Requested size: 16.40865pt x 11.0pt.
File: images/uc/usecase.png Graphic file (type png)

<use images/uc/usecase.png>
Package pdftex.def Info: images/uc/usecase.png used on input line 65.
(pdftex.def)             Requested size: 16.40865pt x 11.0pt.
File: images/uc/usecase.png Graphic file (type png)
 <use images/uc/usecase.png>
Package pdftex.def Info: images/uc/usecase.png used on input line 69.
(pdftex.def)             Requested size: 16.40865pt x 11.0pt.
File: images/uc/usecase.png Graphic file (type png)

<use images/uc/usecase.png>
Package pdftex.def Info: images/uc/usecase.png used on input line 70.
(pdftex.def)             Requested size: 16.40865pt x 11.0pt.
File: images/uc/usecase.png Graphic file (type png)
 <use images/uc/usecase.png>
Package pdftex.def Info: images/uc/usecase.png used on input line 71.
(pdftex.def)             Requested size: 16.40865pt x 11.0pt.
File: images/uc/usecase.png Graphic file (type png)

<use images/uc/usecase.png>
Package pdftex.def Info: images/uc/usecase.png used on input line 72.
(pdftex.def)             Requested size: 16.40865pt x 11.0pt.
File: images/uc/usecase.png Graphic file (type png)
 <use images/uc/usecase.png>
Package pdftex.def Info: images/uc/usecase.png used on input line 76.
(pdftex.def)             Requested size: 16.40865pt x 11.0pt.
File: images/uc/usecase.png Graphic file (type png)

<use images/uc/usecase.png>
Package pdftex.def Info: images/uc/usecase.png used on input line 77.
(pdftex.def)             Requested size: 16.40865pt x 11.0pt.
File: images/uc/usecase.png Graphic file (type png)
 <use images/uc/usecase.png>
Package pdftex.def Info: images/uc/usecase.png used on input line 78.
(pdftex.def)             Requested size: 16.40865pt x 11.0pt.
File: images/uc/usecase.png Graphic file (type png)

<use images/uc/usecase.png>
Package pdftex.def Info: images/uc/usecase.png used on input line 79.
(pdftex.def)             Requested size: 16.40865pt x 11.0pt.
File: images/uc/usecase.png Graphic file (type png)
 <use images/uc/usecase.png>
Package pdftex.def Info: images/uc/usecase.png used on input line 83.
(pdftex.def)             Requested size: 16.40865pt x 11.0pt.
File: images/headerPar.png Graphic file (type png)

<use images/headerPar.png>
Package pdftex.def Info: images/headerPar.png used on input line 84.
(pdftex.def)             Requested size: 185.57443pt x 35.0pt.


Package Fancyhdr Warning: \headheight is too small (30.0pt): 
 Make it at least 38.75003pt.
 We now make it that large for the rest of the document.
 This may cause the page layout to be inconsistent, however.

[16]
File: images/uc/usecase.png Graphic file (type png)
 <use images/uc/usecase.png>
Package pdftex.def Info: images/uc/usecase.png used on input line 84.
(pdftex.def)             Requested size: 16.40865pt x 11.0pt.
File: images/uc/usecase.png Graphic file (type png)
 <use images/uc/usecase.png>
Package pdftex.def Info: images/uc/usecase.png used on input line 85.
(pdftex.def)             Requested size: 16.40865pt x 11.0pt.
File: images/uc/usecase.png Graphic file (type png)

<use images/uc/usecase.png>
Package pdftex.def Info: images/uc/usecase.png used on input line 86.
(pdftex.def)             Requested size: 16.40865pt x 11.0pt.
File: images/uc/usecase.png Graphic file (type png)
 <use images/uc/usecase.png>
Package pdftex.def Info: images/uc/usecase.png used on input line 90.
(pdftex.def)             Requested size: 16.40865pt x 11.0pt.
File: images/uc/usecase.png Graphic file (type png)

<use images/uc/usecase.png>
Package pdftex.def Info: images/uc/usecase.png used on input line 91.
(pdftex.def)             Requested size: 16.40865pt x 11.0pt.
File: images/uc/usecase.png Graphic file (type png)
 <use images/uc/usecase.png>
Package pdftex.def Info: images/uc/usecase.png used on input line 92.
(pdftex.def)             Requested size: 16.40865pt x 11.0pt.
File: images/uc/usecase.png Graphic file (type png)

<use images/uc/usecase.png>
Package pdftex.def Info: images/uc/usecase.png used on input line 93.
(pdftex.def)             Requested size: 16.40865pt x 11.0pt.
) (C:\Users\Arturo\Desktop\adoo\CU\cu17/cu8.tex
File: images/headerInp.png Graphic file (type png)

<use images/headerInp.png>
Package pdftex.def Info: images/headerInp.png used on input line 5.
(pdftex.def)             Requested size: 181.56552pt x 35.0pt.


Package Fancyhdr Warning: \headheight is too small (30.0pt): 
 Make it at least 38.75003pt.
 We now make it that large for the rest of the document.
 This may cause the page layout to be inconsistent, however.

[17]
File: images/uc/default.png Graphic file (type png)
 <use images/uc/default.png>
Package pdftex.def Info: images/uc/default.png used on input line 5.
(pdftex.def)             Requested size: 517.00287pt x 31.92772pt.

Overfull \hbox (47.00287pt too wide) in paragraph at lines 5--5
[][][] 
 []


Underfull \hbox (badness 10000) in paragraph at lines 36--36

 []

File: images/uc/usecase.png Graphic file (type png)
<use images/uc/usecase.png>
Package pdftex.def Info: images/uc/usecase.png used on input line 37.
(pdftex.def)             Requested size: 16.40865pt x 11.0pt.
File: images/uc/usecase.png Graphic file (type png)
 <use images/uc/usecase.png>
Package pdftex.def Info: images/uc/usecase.png used on input line 38.
(pdftex.def)             Requested size: 16.40865pt x 11.0pt.
File: images/uc/usecase.png Graphic file (type png)

<use images/uc/usecase.png>
Package pdftex.def Info: images/uc/usecase.png used on input line 39.
(pdftex.def)             Requested size: 16.40865pt x 11.0pt.
File: images/uc/usecase.png Graphic file (type png)
 <use images/uc/usecase.png>
Package pdftex.def Info: images/uc/usecase.png used on input line 40.
(pdftex.def)             Requested size: 16.40865pt x 11.0pt.
File: images/uc/usecase.png Graphic file (type png)

<use images/uc/usecase.png>
Package pdftex.def Info: images/uc/usecase.png used on input line 41.
(pdftex.def)             Requested size: 16.40865pt x 11.0pt.
File: images/headerPar.png Graphic file (type png)
 <use images/headerPar.png>
Package pdftex.def Info: images/headerPar.png used on input line 42.
(pdftex.def)             Requested size: 185.57443pt x 35.0pt.


Package Fancyhdr Warning: \headheight is too small (30.0pt): 
 Make it at least 38.75003pt.
 We now make it that large for the rest of the document.
 This may cause the page layout to be inconsistent, however.

[18]
File: images/uc/usecase.png Graphic file (type png)
 <use images/uc/usecase.png>
Package pdftex.def Info: images/uc/usecase.png used on input line 42.
(pdftex.def)             Requested size: 16.40865pt x 11.0pt.
File: images/uc/usecase.png Graphic file (type png)
 <use images/uc/usecase.png>
Package pdftex.def Info: images/uc/usecase.png used on input line 43.
(pdftex.def)             Requested size: 16.40865pt x 11.0pt.
File: images/uc/usecase.png Graphic file (type png)

<use images/uc/usecase.png>
Package pdftex.def Info: images/uc/usecase.png used on input line 44.
(pdftex.def)             Requested size: 16.40865pt x 11.0pt.
File: images/uc/usecase.png Graphic file (type png)
 <use images/uc/usecase.png>
Package pdftex.def Info: images/uc/usecase.png used on input line 45.
(pdftex.def)             Requested size: 16.40865pt x 11.0pt.
File: images/uc/usecase.png Graphic file (type png)

<use images/uc/usecase.png>
Package pdftex.def Info: images/uc/usecase.png used on input line 46.
(pdftex.def)             Requested size: 16.40865pt x 11.0pt.
File: images/uc/usecase.png Graphic file (type png)
 <use images/uc/usecase.png>
Package pdftex.def Info: images/uc/usecase.png used on input line 47.
(pdftex.def)             Requested size: 16.40865pt x 11.0pt.
File: images/uc/usecase.png Graphic file (type png)

<use images/uc/usecase.png>
Package pdftex.def Info: images/uc/usecase.png used on input line 51.
(pdftex.def)             Requested size: 16.40865pt x 11.0pt.
File: images/uc/usecase.png Graphic file (type png)
 <use images/uc/usecase.png>
Package pdftex.def Info: images/uc/usecase.png used on input line 52.
(pdftex.def)             Requested size: 16.40865pt x 11.0pt.
File: images/uc/usecase.png Graphic file (type png)

<use images/uc/usecase.png>
Package pdftex.def Info: images/uc/usecase.png used on input line 53.
(pdftex.def)             Requested size: 16.40865pt x 11.0pt.
File: images/uc/usecase.png Graphic file (type png)
 <use images/uc/usecase.png>
Package pdftex.def Info: images/uc/usecase.png used on input line 54.
(pdftex.def)             Requested size: 16.40865pt x 11.0pt.
File: images/uc/usecase.png Graphic file (type png)

<use images/uc/usecase.png>
Package pdftex.def Info: images/uc/usecase.png used on input line 55.
(pdftex.def)             Requested size: 16.40865pt x 11.0pt.
File: images/uc/usecase.png Graphic file (type png)
 <use images/uc/usecase.png>
Package pdftex.def Info: images/uc/usecase.png used on input line 56.
(pdftex.def)             Requested size: 16.40865pt x 11.0pt.
File: images/uc/usecase.png Graphic file (type png)

<use images/uc/usecase.png>
Package pdftex.def Info: images/uc/usecase.png used on input line 60.
(pdftex.def)             Requested size: 16.40865pt x 11.0pt.
File: images/uc/usecase.png Graphic file (type png)
 <use images/uc/usecase.png>
Package pdftex.def Info: images/uc/usecase.png used on input line 61.
(pdftex.def)             Requested size: 16.40865pt x 11.0pt.
File: images/uc/usecase.png Graphic file (type png)

<use images/uc/usecase.png>
Package pdftex.def Info: images/uc/usecase.png used on input line 62.
(pdftex.def)             Requested size: 16.40865pt x 11.0pt.
File: images/uc/usecase.png Graphic file (type png)
 <use images/uc/usecase.png>
Package pdftex.def Info: images/uc/usecase.png used on input line 63.
(pdftex.def)             Requested size: 16.40865pt x 11.0pt.
File: images/uc/usecase.png Graphic file (type png)

<use images/uc/usecase.png>
Package pdftex.def Info: images/uc/usecase.png used on input line 64.
(pdftex.def)             Requested size: 16.40865pt x 11.0pt.
File: images/uc/usecase.png Graphic file (type png)
 <use images/uc/usecase.png>
Package pdftex.def Info: images/uc/usecase.png used on input line 65.
(pdftex.def)             Requested size: 16.40865pt x 11.0pt.
)
(C:\Users\Arturo\Desktop\adoo\CU\cu17/cu9.tex
File: images/headerInp.png Graphic file (type png)
 <use images/headerInp.png>
Package pdftex.def Info: images/headerInp.png used on input line 5.
(pdftex.def)             Requested size: 181.56552pt x 35.0pt.


Package Fancyhdr Warning: \headheight is too small (30.0pt): 
 Make it at least 38.75003pt.
 We now make it that large for the rest of the document.
 This may cause the page layout to be inconsistent, however.

[19]
File: images/uc/default.png Graphic file (type png)
 <use images/uc/default.png>
Package pdftex.def Info: images/uc/default.png used on input line 5.
(pdftex.def)             Requested size: 517.00287pt x 31.92772pt.

Overfull \hbox (47.00287pt too wide) in paragraph at lines 5--5
[][][] 
 []


Underfull \hbox (badness 10000) in paragraph at lines 36--36

 []

File: images/uc/actor.png Graphic file (type png)
<use images/uc/actor.png>
Package pdftex.def Info: images/uc/actor.png used on input line 37.
(pdftex.def)             Requested size: 14.26958pt x 11.0pt.
File: images/uc/iu.png Graphic file (type png)
 <use images/uc/iu.png>
Package pdftex.def Info: images/uc/iu.png used on input line 37.
(pdftex.def)             Requested size: 11.09076pt x 10.0pt.
File: images/uc/actor.png Graphic file (type png)
 <use images/uc/actor.png>
Package pdftex.def Info: images/uc/actor.png used on input line 38.
(pdftex.def)             Requested size: 14.26958pt x 11.0pt.
File: images/uc/usecase.png Graphic file (type png)

<use images/uc/usecase.png>
Package pdftex.def Info: images/uc/usecase.png used on input line 39.
(pdftex.def)             Requested size: 16.40865pt x 11.0pt.
File: images/headerPar.png Graphic file (type png)
 <use images/headerPar.png>
Package pdftex.def Info: images/headerPar.png used on input line 40.
(pdftex.def)             Requested size: 185.57443pt x 35.0pt.


Package Fancyhdr Warning: \headheight is too small (30.0pt): 
 Make it at least 38.75003pt.
 We now make it that large for the rest of the document.
 This may cause the page layout to be inconsistent, however.

[20]
File: images/uc/usecase.png Graphic file (type png)
 <use images/uc/usecase.png>
Package pdftex.def Info: images/uc/usecase.png used on input line 40.
(pdftex.def)             Requested size: 16.40865pt x 11.0pt.
File: images/uc/iu.png Graphic file (type png)
 <use images/uc/iu.png>
Package pdftex.def Info: images/uc/iu.png used on input line 40.
(pdftex.def)             Requested size: 11.09076pt x 10.0pt.
File: images/uc/actor.png Graphic file (type png)

<use images/uc/actor.png>
Package pdftex.def Info: images/uc/actor.png used on input line 48.
(pdftex.def)             Requested size: 14.26958pt x 11.0pt.
File: images/uc/usecase.png Graphic file (type png)
 <use images/uc/usecase.png>
Package pdftex.def Info: images/uc/usecase.png used on input line 49.
(pdftex.def)             Requested size: 16.40865pt x 11.0pt.
File: images/uc/iu.png Graphic file (type png)
 <use images/uc/iu.png>
Package pdftex.def Info: images/uc/iu.png used on input line 49.
(pdftex.def)             Requested size: 11.09076pt x 10.0pt.
File: images/uc/usecase.png Graphic file (type png)

<use images/uc/usecase.png>
Package pdftex.def Info: images/uc/usecase.png used on input line 50.
(pdftex.def)             Requested size: 16.40865pt x 11.0pt.
) (C:\Users\Arturo\Desktop\adoo\CU\cu17/cu10.tex
File: images/headerInp.png Graphic file (type png)

<use images/headerInp.png>
Package pdftex.def Info: images/headerInp.png used on input line 4.
(pdftex.def)             Requested size: 181.56552pt x 35.0pt.


Package Fancyhdr Warning: \headheight is too small (30.0pt): 
 Make it at least 38.75003pt.
 We now make it that large for the rest of the document.
 This may cause the page layout to be inconsistent, however.

[21]
File: images/uc/default.png Graphic file (type png)
 <use images/uc/default.png>
Package pdftex.def Info: images/uc/default.png used on input line 4.
(pdftex.def)             Requested size: 517.00287pt x 31.92772pt.

Overfull \hbox (47.00287pt too wide) in paragraph at lines 4--4
[][][] 
 []


Underfull \hbox (badness 10000) in paragraph at lines 24--24
[]|\OT1/cmbr/m/sc/10 Nombre,Apellido Pa-terno,Apellido Ma-terno, CURP,Licencia 
de Ma-ne-
 []


Underfull \hbox (badness 10000) in paragraph at lines 34--34

 []

File: images/uc/actor.png Graphic file (type png)
<use images/uc/actor.png>
Package pdftex.def Info: images/uc/actor.png used on input line 35.
(pdftex.def)             Requested size: 14.26958pt x 11.0pt.
File: images/uc/iu.png Graphic file (type png)
 <use images/uc/iu.png>
Package pdftex.def Info: images/uc/iu.png used on input line 35.
(pdftex.def)             Requested size: 11.09076pt x 10.0pt.
File: images/uc/actor.png Graphic file (type png)
 <use images/uc/actor.png>
Package pdftex.def Info: images/uc/actor.png used on input line 36.
(pdftex.def)             Requested size: 14.26958pt x 11.0pt.
File: images/uc/usecase.png Graphic file (type png)

<use images/uc/usecase.png>
Package pdftex.def Info: images/uc/usecase.png used on input line 37.
(pdftex.def)             Requested size: 16.40865pt x 11.0pt.
File: images/uc/usecase.png Graphic file (type png)
 <use images/uc/usecase.png>
Package pdftex.def Info: images/uc/usecase.png used on input line 38.
(pdftex.def)             Requested size: 16.40865pt x 11.0pt.
File: images/uc/iu.png Graphic file (type png)
 <use images/uc/iu.png>
Package pdftex.def Info: images/uc/iu.png used on input line 38.
(pdftex.def)             Requested size: 11.09076pt x 10.0pt.
File: images/headerPar.png Graphic file (type png)

<use images/headerPar.png>
Package pdftex.def Info: images/headerPar.png used on input line 39.
(pdftex.def)             Requested size: 185.57443pt x 35.0pt.


Package Fancyhdr Warning: \headheight is too small (30.0pt): 
 Make it at least 38.75003pt.
 We now make it that large for the rest of the document.
 This may cause the page layout to be inconsistent, however.

[22]
File: images/uc/usecase.png Graphic file (type png)
 <use images/uc/usecase.png>
Package pdftex.def Info: images/uc/usecase.png used on input line 43.
(pdftex.def)             Requested size: 16.40865pt x 11.0pt.
File: images/uc/actor.png Graphic file (type png)
 <use images/uc/actor.png>
Package pdftex.def Info: images/uc/actor.png used on input line 44.
(pdftex.def)             Requested size: 14.26958pt x 11.0pt.
File: images/uc/usecase.png Graphic file (type png)

<use images/uc/usecase.png>
Package pdftex.def Info: images/uc/usecase.png used on input line 45.
(pdftex.def)             Requested size: 16.40865pt x 11.0pt.
)) (C:\Users\Arturo\Desktop\adoo\CU\interaccion.tex
File: images/headerInp.png Graphic file (type png)

<use images/headerInp.png>
Package pdftex.def Info: images/headerInp.png used on input line 2.
(pdftex.def)             Requested size: 181.56552pt x 35.0pt.


Package Fancyhdr Warning: \headheight is too small (30.0pt): 
 Make it at least 38.75003pt.
 We now make it that large for the rest of the document.
 This may cause the page layout to be inconsistent, however.

[23]
File: images/headerPar.png Graphic file (type png)
 <use images/headerPar.png>
Package pdftex.def Info: images/headerPar.png used on input line 2.
(pdftex.def)             Requested size: 185.57443pt x 35.0pt.


Package Fancyhdr Warning: \headheight is too small (30.0pt): 
 Make it at least 38.75003pt.
 We now make it that large for the rest of the document.
 This may cause the page layout to be inconsistent, however.

[24

]
Cap\'{\i }tulo 2.
(C:\Users\Arturo\Desktop\adoo\CU\pantallas/IU1.tex
<images/gui/IU1.png, id=625, 1648.65938pt x 566.115pt>
File: images/gui/IU1.png Graphic file (type png)

<use images/gui/IU1.png>
Package pdftex.def Info: images/gui/IU1.png used on input line 21.
(pdftex.def)             Requested size: 235.0pt x 80.6895pt.
 [25])
(C:\Users\Arturo\Desktop\adoo\CU\pantallas/IU9.tex
<images/gui/Iu9.png, id=633, 1026.83624pt x 470.50781pt>
File: images/gui/Iu9.png Graphic file (type png)

<use images/gui/Iu9.png>
Package pdftex.def Info: images/gui/Iu9.png used on input line 23.
(pdftex.def)             Requested size: 235.0pt x 107.67606pt.
File: images/headerPar.png Graphic file (type png)
 <use images/headerPar.png>
Package pdftex.def Info: images/headerPar.png used on input line 34.
(pdftex.def)             Requested size: 185.57443pt x 35.0pt.


Package Fancyhdr Warning: \headheight is too small (30.0pt): 
 Make it at least 38.75003pt.
 We now make it that large for the rest of the document.
 This may cause the page layout to be inconsistent, however.

[26 <C:/Users/Arturo/Desktop/adoo/CU/images/gui/IU1.png>])
(C:\Users\Arturo\Desktop\adoo\CU\pantallas/IU10.tex
<images/gui/IU10.jpg, id=647, 1373.13pt x 786.94pt>
File: images/gui/IU10.jpg Graphic file (type jpg)
 <use images/gui/IU10.jpg>
Package pdftex.def Info: images/gui/IU10.jpg used on input line 21.
(pdftex.def)             Requested size: 235.0pt x 134.6666pt.
File: images/headerInp.png Graphic file (type png)

<use images/headerInp.png>
Package pdftex.def Info: images/headerInp.png used on input line 35.
(pdftex.def)             Requested size: 181.56552pt x 35.0pt.


Package Fancyhdr Warning: \headheight is too small (30.0pt): 
 Make it at least 38.75003pt.
 We now make it that large for the rest of the document.
 This may cause the page layout to be inconsistent, however.

[27 <C:/Users/Arturo/Desktop/adoo/CU/images/gui/Iu9.png>])
(C:\Users\Arturo\Desktop\adoo\CU\pantallas/IU23.tex
<images/gui/RegistrarChofer.png, id=662, 785.18344pt x 441.90094pt>
File: images/gui/RegistrarChofer.png Graphic file (type png)

<use images/gui/RegistrarChofer.png>
Package pdftex.def Info: images/gui/RegistrarChofer.png used on input line 21.
(pdftex.def)             Requested size: 235.0pt x 132.25438pt.
File: images/headerPar.png Graphic file (type png)
 <use images/headerPar.png>
Package pdftex.def Info: images/headerPar.png used on input line 33.
(pdftex.def)             Requested size: 185.57443pt x 35.0pt.


Package Fancyhdr Warning: \headheight is too small (30.0pt): 
 Make it at least 38.75003pt.
 We now make it that large for the rest of the document.
 This may cause the page layout to be inconsistent, however.

[28 <C:/Users/Arturo/Desktop/adoo/CU/images/gui/IU10.jpg>]))
Package atveryend Info: Empty hook `BeforeClearDocument' on input line 42.
File: images/headerInp.png Graphic file (type png)

<use images/headerInp.png>
Package pdftex.def Info: images/headerInp.png used on input line 42.
(pdftex.def)             Requested size: 181.56552pt x 35.0pt.


Package Fancyhdr Warning: \headheight is too small (30.0pt): 
 Make it at least 38.75003pt.
 We now make it that large for the rest of the document.
 This may cause the page layout to be inconsistent, however.

[29 <C:/Users/Arturo/Desktop/adoo/CU/images/gui/RegistrarChofer.png>]
Package atveryend Info: Empty hook `AfterLastShipout' on input line 42.

(C:\Users\Arturo\Desktop\adoo\CU\analisis.aux)
Package atveryend Info: Executing hook `AtVeryEndDocument' on input line 42.
Package atveryend Info: Executing hook `AtEndAfterFileList' on input line 42.
Package rerunfilecheck Info: File `analisis.out' has not changed.
(rerunfilecheck)             Checksum: C7C8A6E9B0C31A861F5BF9FA9367B09D;4188.


LaTeX Font Warning: Some font shapes were not available, defaults substituted.

Package atveryend Info: Empty hook `AtVeryVeryEnd' on input line 42.
 ) 
Here is how much of TeX's memory you used:
 9738 strings out of 493921
 137957 string characters out of 3147279
 241254 words of memory out of 3000000
 12511 multiletter control sequences out of 15000+200000
 16117 words of font info for 60 fonts, out of 3000000 for 9000
 841 hyphenation exceptions out of 8191
 48i,15n,45p,646b,591s stack positions out of 5000i,500n,10000p,200000b,50000s
pdfTeX warning (dest): name{UI5} has been referenced but does not exist, repl
aced by a fixed one

pdfTeX warning (dest): name{UI1} has been referenced but does not exist, replac
ed by a fixed one

pdfTeX warning (dest): name{UI189} has been referenced but does not exist, repl
aced by a fixed one

pdfTeX warning (dest): name{UI15} has been referenced but does not exist, repla
ced by a fixed one

pdfTeX warning (dest): name{CU17} has been referenced but does not exist, repla
ced by a fixed one

pdfTeX warning (dest): name{Verificar\040veh\\penalty\040\\@M\040\\hskip\040\\z
@skip\040\\unhbox\040\\voidb@x\040\\bgroup\040\\let\040\\unhbox\040\\voidb@x\04
0\\setbox\040\\@tempboxa\040\\hbox\040{\\OT1\\i\040\\global\040\\mathchardef\04
0\\accent@spacefactor\040\\spacefactor\040}\\accent\04019\040\\OT1\\i\040\\egro
up\040\\spacefactor\040\\accent@spacefactor\040\\penalty\040\\@M\040\\hskip\040
\\z@skip\040\\setbox\040\\@tempboxa\040\\hbox\040{\\OT1\\i\040\\global\040\\mat
hchardef\040\\accent@spacefactor\040\\spacefactor\040}\\spacefactor\040\\accent
@spacefactor\040culo\040en\040el\040sistema} has been referenced but does not e
xist, replaced by a fixed one

pdfTeX warning (dest): name{Campos\040vac\\penalty\040\\@M\040\\hskip\040\\z@sk
ip\040\\unhbox\040\\voidb@x\040\\bgroup\040\\let\040\\unhbox\040\\voidb@x\040\\
setbox\040\\@tempboxa\040\\hbox\040{\\OT1\\i\040\\global\040\\mathchardef\040\\
accent@spacefactor\040\\spacefactor\040}\\accent\04019\040\\OT1\\i\040\\egroup\
040\\spacefactor\040\\accent@spacefactor\040\\penalty\040\\@M\040\\hskip\040\\z
@skip\040\\setbox\040\\@tempboxa\040\\hbox\040{\\OT1\\i\040\\global\040\\mathch
ardef\040\\accent@spacefactor\040\\spacefactor\040}\\spacefactor\040\\accent@sp
acefactor\040os} has been referenced but does not exist, replaced by a fixed on
e

pdfTeX warning (dest): name{UI} has been referenced but does not exist, replace
d by a fixed one

 <C:\Users\Arturo\AppData\Local\MiKTeX\2.9\fonts\pk\ljfour\public\cmbright\dpi3
75\cmbr8.pk> <C:\Users\Arturo\AppData\Local\MiKTeX\2.9\fonts\pk\ljfour\public\c
mbright\dpi600\cmbr9.pk> <C:\Users\Arturo\AppData\Local\MiKTeX\2.9\fonts\pk\ljf
our\public\cmbright\dpi540\cmbrbx10.pk> <C:\Users\Arturo\AppData\Local\MiKTeX\2
.9\fonts\pk\ljfour\public\cmbright\dpi600\cmbrsl10.pk> <C:\Users\Arturo\AppData
\Local\MiKTeX\2.9\fonts\pk\ljfour\public\cmbright\dpi600\cmbr8.pk> <C:\Users\Ar
turo\AppData\Local\MiKTeX\2.9\fonts\pk\ljfour\public\cmbright\dpi600\cmbrsy10.p
k> <C:\Users\Arturo\AppData\Local\MiKTeX\2.9\fonts\pk\ljfour\public\cmbright\dp
i720\cmbrbx10.pk> <C:\Users\Arturo\AppData\Local\MiKTeX\2.9\fonts\pk\ljfour\pub
lic\cmbright\dpi864\cmbrbx10.pk> <C:\Users\Arturo\AppData\Local\MiKTeX\2.9\font
s\pk\ljfour\public\cmbright\dpi375\cmbrsl8.pk> <C:\Users\Arturo\AppData\Local\M
iKTeX\2.9\fonts\pk\ljfour\public\cmbright\dpi450\cmbr8.pk> <C:\Users\Arturo\App
Data\Local\MiKTeX\2.9\fonts\pk\ljfour\public\cmbright\dpi525\cmbr8.pk> <C:\User
s\Arturo\AppData\Local\MiKTeX\2.9\fonts\pk\ljfour\public\cmbright\dpi600\cmbr10
.pk> <C:\Users\Arturo\AppData\Local\MiKTeX\2.9\fonts\pk\ljfour\public\cmbright\
dpi600\cmbrbx10.pk> <C:\Users\Arturo\AppData\Local\MiKTeX\2.9\fonts\pk\ljfour\p
ublic\cmbright\dpi864\cmbr10.pk> <C:\Users\Arturo\AppData\Local\MiKTeX\2.9\font
s\pk\ljfour\public\cmbright\dpi720\cmbr10.pk> <C:\Users\Arturo\AppData\Local\Mi
KTeX\2.9\fonts\pk\ljfour\public\cmbright\dpi600\cmbr17.pk> <C:\Users\Arturo\App
Data\Local\MiKTeX\2.9\fonts\pk\ljfour\public\cmbright\dpi864\cmbr17.pk><C:/Prog
ram Files/MiKTeX 2.9/fonts/type1/public/marvosym/marvosym.pfb>
Output written on analisis.pdf (33 pages, 791259 bytes).
PDF statistics:
 1231 PDF objects out of 1440 (max. 8388607)
 301 named destinations out of 1000 (max. 500000)
 464 words of extra memory for PDF output out of 10000 (max. 10000000)

