\BOOKMARK [0][-]{chapter.1}{Introducci\363n}{}% 1
\BOOKMARK [1][-]{section.1.1}{Objetivo del proyecto}{chapter.1}% 2
\BOOKMARK [1][-]{section.1.2}{Alcance del proyecto}{chapter.1}% 3
\BOOKMARK [1][-]{section.1.3}{Prop\363sito del documento}{chapter.1}% 4
\BOOKMARK [1][-]{section.1.4}{Alcance del documento}{chapter.1}% 5
\BOOKMARK [1][-]{section.1.5}{Nomenclatura utilizada}{chapter.1}% 6
\BOOKMARK [0][-]{chapter.2}{Modelo del Negocio}{}% 7
\BOOKMARK [1][-]{section.2.1}{T\351rminos del Negocio}{chapter.2}% 8
\BOOKMARK [1][-]{section.2.2}{Hechos del Negocio}{chapter.2}% 9
\BOOKMARK [1][-]{section.2.3}{Reglas de Negocio}{chapter.2}% 10
\BOOKMARK [0][-]{chapter.3}{Modelo din\341mico}{}% 11
\BOOKMARK [1][-]{section.3.1}{Modelo de casos de uso}{chapter.3}% 12
\BOOKMARK [1][-]{section.3.2}{Especificaci\363n de Actores}{chapter.3}% 13
\BOOKMARK [2][-]{subsection.3.2.1}{Actor Estudiante}{section.3.2}% 14
\BOOKMARK [2][-]{subsection.3.2.2}{Estudiante Extranjero}{section.3.2}% 15
\BOOKMARK [1][-]{section.3.3}{Especificaci\363n de casos de uso}{chapter.3}% 16
\BOOKMARK [1][-]{section.3.4}{CU17 Inscribir a Seminario}{chapter.3}% 17
\BOOKMARK [2][-]{subsection.3.4.1}{Descripci\363n completa}{section.3.4}% 18
\BOOKMARK [2][-]{subsection.3.4.2}{Atributos importantes}{section.3.4}% 19
\BOOKMARK [2][-]{subsection.3.4.3}{Trayectorias del Caso de Uso}{section.3.4}% 20
\BOOKMARK [0][-]{chapter.4}{Modelo de la Interacci\363n}{}% 21
\BOOKMARK [1][-]{section.4.1}{Mapa de navegaci\363n}{chapter.4}% 22
\BOOKMARK [1][-]{section.4.2}{Interfaces del Estudiante}{chapter.4}% 23
\BOOKMARK [2][-]{subsection.4.2.1}{IU23 Pantalla de Control de Acceso}{section.4.2}% 24
