\BOOKMARK [0][-]{chapter.1}{Modelo din\341mico}{}% 1
\BOOKMARK [1][-]{section.1.1}{Modelo de casos de uso}{chapter.1}% 2
\BOOKMARK [1][-]{section.1.2}{Especificaci\363n de Actores}{chapter.1}% 3
\BOOKMARK [2][-]{subsection.1.2.1}{Directora General de Regulaci\363n y Vigilancia Ambiental Subdirector y JUDs de la DPASR}{section.1.2}% 4
\BOOKMARK [2][-]{subsection.1.2.2}{Subdirector de Sistemas}{section.1.2}% 5
\BOOKMARK [2][-]{subsection.1.2.3}{Director de Proyectos de Agua, Suelo y Residuos}{section.1.2}% 6
\BOOKMARK [2][-]{subsection.1.2.4}{Capturista de la DPASR}{section.1.2}% 7
\BOOKMARK [2][-]{subsection.1.2.5}{Asesor t\351cnico de la DPASR}{section.1.2}% 8
\BOOKMARK [1][-]{section.1.3}{Especificaci\363n de casos de uso}{chapter.1}% 9
\BOOKMARK [1][-]{section.1.4}{CU1 Alta de un veh\355culo de recolecci\363n}{chapter.1}% 10
\BOOKMARK [2][-]{subsection.1.4.1}{Descripci\363n completa}{section.1.4}% 11
\BOOKMARK [2][-]{subsection.1.4.2}{Atributos importantes}{section.1.4}% 12
\BOOKMARK [2][-]{subsection.1.4.3}{Trayectorias del Caso de Uso}{section.1.4}% 13
\BOOKMARK [1][-]{section.1.5}{CU2 Consultar Plantas de Composta}{chapter.1}% 14
\BOOKMARK [2][-]{subsection.1.5.1}{Descripci\363n completa}{section.1.5}% 15
\BOOKMARK [2][-]{subsection.1.5.2}{Atributos importantes}{section.1.5}% 16
\BOOKMARK [2][-]{subsection.1.5.3}{Trayectorias del Caso de Uso}{section.1.5}% 17
\BOOKMARK [1][-]{section.1.6}{CU3 Dar de Alta Chofer}{chapter.1}% 18
\BOOKMARK [2][-]{subsection.1.6.1}{Descripci\363n completa}{section.1.6}% 19
\BOOKMARK [2][-]{subsection.1.6.2}{Atributos importantes}{section.1.6}% 20
\BOOKMARK [2][-]{subsection.1.6.3}{Trayectorias del Caso de Uso}{section.1.6}% 21
\BOOKMARK [1][-]{section.1.7}{CU4 Dar de Alta Ruta}{chapter.1}% 22
\BOOKMARK [2][-]{subsection.1.7.1}{Descripci\363n completa}{section.1.7}% 23
\BOOKMARK [2][-]{subsection.1.7.2}{Atributos importantes}{section.1.7}% 24
\BOOKMARK [2][-]{subsection.1.7.3}{Trayectorias del Caso de Uso}{section.1.7}% 25
\BOOKMARK [1][-]{section.1.8}{CU5 Consulta de los veh\355culos de recolecci\363n}{chapter.1}% 26
\BOOKMARK [2][-]{subsection.1.8.1}{Descripci\363n completa}{section.1.8}% 27
\BOOKMARK [2][-]{subsection.1.8.2}{Atributos importantes}{section.1.8}% 28
\BOOKMARK [2][-]{subsection.1.8.3}{Trayectorias del Caso de Uso}{section.1.8}% 29
\BOOKMARK [1][-]{section.1.9}{CU8 Dar de Alta Plantas de Composta}{chapter.1}% 30
\BOOKMARK [2][-]{subsection.1.9.1}{Descripci\363n completa}{section.1.9}% 31
\BOOKMARK [2][-]{subsection.1.9.2}{Atributos importantes}{section.1.9}% 32
\BOOKMARK [2][-]{subsection.1.9.3}{Trayectorias del Caso de Uso}{section.1.9}% 33
\BOOKMARK [1][-]{section.1.10}{CU7 Consultar Rutas}{chapter.1}% 34
\BOOKMARK [2][-]{subsection.1.10.1}{Descripci\363n completa}{section.1.10}% 35
\BOOKMARK [2][-]{subsection.1.10.2}{Atributos importantes}{section.1.10}% 36
\BOOKMARK [2][-]{subsection.1.10.3}{Trayectorias del Caso de Uso}{section.1.10}% 37
\BOOKMARK [1][-]{section.1.11}{CU9 Consulta de todos los veh\355culos de recolecci\363n}{chapter.1}% 38
\BOOKMARK [2][-]{subsection.1.11.1}{Descripci\363n completa}{section.1.11}% 39
\BOOKMARK [2][-]{subsection.1.11.2}{Atributos importantes}{section.1.11}% 40
\BOOKMARK [2][-]{subsection.1.11.3}{Trayectorias del Caso de Uso}{section.1.11}% 41
\BOOKMARK [1][-]{section.1.12}{CU10 Consulta de todos los Choferes}{chapter.1}% 42
\BOOKMARK [2][-]{subsection.1.12.1}{Descripci\363n completa}{section.1.12}% 43
\BOOKMARK [2][-]{subsection.1.12.2}{Atributos importantes}{section.1.12}% 44
\BOOKMARK [2][-]{subsection.1.12.3}{Trayectorias del Caso de Uso}{section.1.12}% 45
\BOOKMARK [0][-]{chapter.2}{Modelo de la Interacci\363n}{}% 46
\BOOKMARK [1][-]{section.2.1}{Interfaces del Usuario}{chapter.2}% 47
\BOOKMARK [2][-]{subsection.2.1.1}{IU1 Pantalla de dar de Alta un veh\355culo de recoleccion}{section.2.1}% 48
\BOOKMARK [2][-]{subsection.2.1.2}{IU9 Consulta de los veh\355culos de recolecci\363n}{section.2.1}% 49
\BOOKMARK [2][-]{subsection.2.1.3}{IU10 Consulta de todos los chofer}{section.2.1}% 50
\BOOKMARK [2][-]{subsection.2.1.4}{IU3 Pantalla de dar de Alta un Chofer}{section.2.1}% 51
