\BOOKMARK [0][-]{chapter.1}{Modelo din\341mico}{}% 1
\BOOKMARK [1][-]{section.1.1}{Modelo de casos de uso}{chapter.1}% 2
\BOOKMARK [1][-]{section.1.2}{Especificaci\363n de Actores}{chapter.1}% 3
\BOOKMARK [2][-]{subsection.1.2.1}{Subdirector de Sistemas}{section.1.2}% 4
\BOOKMARK [2][-]{subsection.1.2.2}{Director de Proyectos de Agua, Suelo y Residuos}{section.1.2}% 5
\BOOKMARK [2][-]{subsection.1.2.3}{Capturista de la DPASR}{section.1.2}% 6
\BOOKMARK [2][-]{subsection.1.2.4}{Asesor t\351cnico de la DPASR}{section.1.2}% 7
\BOOKMARK [1][-]{section.1.3}{Especificaci\363n de casos de uso}{chapter.1}% 8
\BOOKMARK [1][-]{section.1.4}{CU1 Alta de un veh\355culo de recolecci\363n}{chapter.1}% 9
\BOOKMARK [2][-]{subsection.1.4.1}{Descripci\363n completa}{section.1.4}% 10
\BOOKMARK [2][-]{subsection.1.4.2}{Atributos importantes}{section.1.4}% 11
\BOOKMARK [2][-]{subsection.1.4.3}{Trayectorias del Caso de Uso}{section.1.4}% 12
\BOOKMARK [1][-]{section.1.5}{CU2 Consultar Plantas de Composta}{chapter.1}% 13
\BOOKMARK [2][-]{subsection.1.5.1}{Descripci\363n completa}{section.1.5}% 14
\BOOKMARK [2][-]{subsection.1.5.2}{Atributos importantes}{section.1.5}% 15
\BOOKMARK [2][-]{subsection.1.5.3}{Trayectorias del Caso de Uso}{section.1.5}% 16
\BOOKMARK [1][-]{section.1.6}{CU3 Dar de Alta Chofer}{chapter.1}% 17
\BOOKMARK [2][-]{subsection.1.6.1}{Descripci\363n completa}{section.1.6}% 18
\BOOKMARK [2][-]{subsection.1.6.2}{Atributos importantes}{section.1.6}% 19
\BOOKMARK [2][-]{subsection.1.6.3}{Trayectorias del Caso de Uso}{section.1.6}% 20
\BOOKMARK [1][-]{section.1.7}{CU4 Dar de Alta Ruta}{chapter.1}% 21
\BOOKMARK [2][-]{subsection.1.7.1}{Descripci\363n completa}{section.1.7}% 22
\BOOKMARK [2][-]{subsection.1.7.2}{Atributos importantes}{section.1.7}% 23
\BOOKMARK [2][-]{subsection.1.7.3}{Trayectorias del Caso de Uso}{section.1.7}% 24
\BOOKMARK [1][-]{section.1.8}{CU5 Consulta de los veh\355culos de recolecci\363n}{chapter.1}% 25
\BOOKMARK [2][-]{subsection.1.8.1}{Descripci\363n completa}{section.1.8}% 26
\BOOKMARK [2][-]{subsection.1.8.2}{Atributos importantes}{section.1.8}% 27
\BOOKMARK [2][-]{subsection.1.8.3}{Trayectorias del Caso de Uso}{section.1.8}% 28
\BOOKMARK [1][-]{section.1.9}{CU6 Buscar Chofer}{chapter.1}% 29
\BOOKMARK [2][-]{subsection.1.9.1}{Descripci\363n completa}{section.1.9}% 30
\BOOKMARK [2][-]{subsection.1.9.2}{Atributos importantes}{section.1.9}% 31
\BOOKMARK [2][-]{subsection.1.9.3}{Trayectorias del Caso de Uso}{section.1.9}% 32
\BOOKMARK [1][-]{section.1.10}{CU7 Consultar Rutas}{chapter.1}% 33
\BOOKMARK [2][-]{subsection.1.10.1}{Descripci\363n completa}{section.1.10}% 34
\BOOKMARK [2][-]{subsection.1.10.2}{Atributos importantes}{section.1.10}% 35
\BOOKMARK [2][-]{subsection.1.10.3}{Trayectorias del Caso de Uso}{section.1.10}% 36
